INFO:root:Log creado el: 2022-1-17_0-45-6
INFO:root:Realizando SELECT: SELECT * FROM usuario WHERE email='mario@u.com' AND contrasenia='addb47291ee169f330801ce73520b96f2eaf20ea'
INFO:root:Log creado el: 2022-1-17_0-46-12
INFO:root:Realizando SELECT: SELECT * FROM usuario WHERE email='mario@u.com' AND contrasenia='addb47291ee169f330801ce73520b96f2eaf20ea'
INFO:root:Realizando INSERT: INSERT INTO cerrada(titulo,cedula) VALUES ('Probando','1720688918')
WARNING:root:Error De Operacion: (1054, "Unknown column 'titulo' in 'field list'")
WARNING:root:Error al registrar la encuesta.
INFO:root:Log creado el: 2022-1-17_0-52-7
INFO:root:Realizando SELECT: SELECT * FROM usuario WHERE email='mario@u.com' AND contrasenia='addb47291ee169f330801ce73520b96f2eaf20ea'
INFO:root:Realizando INSERT: INSERT INTO encuesta(titulo,cedula) VALUES ('Como estas','1720688918')
INFO:root:Encuesta Registrada.
INFO:root:Realizando SELECT: SELECT * FROM usuario WHERE email='' AND contrasenia='da39a3ee5e6b4b0d3255bfef95601890afd80709'
INFO:root:Log creado el: 2022-1-17_0-55-10
INFO:root:Realizando SELECT: SELECT * FROM usuario WHERE email='mario@u.com' AND contrasenia='addb47291ee169f330801ce73520b96f2eaf20ea'
INFO:root:Realizando INSERT: INSERT INTO encuesta(titulo,cedula) VALUES ('Probando','1720688918')
INFO:root:Encuesta Registrada.
INFO:root:Aviso: id_encuesta obtenido: 2
INFO:root:Realizando INSERT: INSERT INTO abierta(id_encuesta,pos_pregunta,enunciado) VALUES ('2','1','Como estas')
INFO:root:Pregunta abierta Registrada.
INFO:root:Realizando INSERT: INSERT INTO cerrada(id_encuesta,pos_pregunta,enunciado,seleccionar_varias) VALUES ('2','2','Si o si','False')
INFO:root:Log creado el: 2022-1-17_0-58-51
INFO:root:Log creado el: 2022-1-17_0-59-13
INFO:root:Log creado el: 2022-1-17_1-1-12
INFO:root:Realizando SELECT: SELECT * FROM usuario WHERE email='mario@u.com' AND contrasenia='addb47291ee169f330801ce73520b96f2eaf20ea'
INFO:root:Realizando INSERT: INSERT INTO encuesta(titulo,cedula) VALUES ('Probando','1720688918')
INFO:root:Encuesta Registrada.
INFO:root:Aviso: id_encuesta obtenido: 3
INFO:root:Realizando INSERT: INSERT INTO abierta(id_encuesta,pos_pregunta,enunciado) VALUES ('3','1','Hola como estas')
INFO:root:Pregunta abierta Registrada.
INFO:root:Realizando INSERT: INSERT INTO cerrada(id_encuesta,pos_pregunta,enunciado,seleccionar_varias) VALUES ('3','2','Q mas','0')
INFO:root:Pregunta cerrada Registrada.
INFO:root:Realizando INSERT: INSERT INTO opcion(pos_pregunta,pos_opcion,enunciado,id_encuesta) VALUES ('2','1','Verdadero','3')
INFO:root:Opcion Registrada.
INFO:root:Realizando INSERT: INSERT INTO opcion(pos_pregunta,pos_opcion,enunciado,id_encuesta) VALUES ('2','2','Falso','3')
INFO:root:Opcion Registrada.
INFO:root:Realizando INSERT: INSERT INTO cerrada(id_encuesta,pos_pregunta,enunciado,seleccionar_varias) VALUES ('3','3','Color','1')
INFO:root:Pregunta cerrada Registrada.
INFO:root:Realizando INSERT: INSERT INTO opcion(pos_pregunta,pos_opcion,enunciado,id_encuesta) VALUES ('3','1','Verde','3')
INFO:root:Opcion Registrada.
INFO:root:Realizando INSERT: INSERT INTO opcion(pos_pregunta,pos_opcion,enunciado,id_encuesta) VALUES ('3','2','Azul','3')
INFO:root:Opcion Registrada.
INFO:root:Realizando INSERT: INSERT INTO opcion(pos_pregunta,pos_opcion,enunciado,id_encuesta) VALUES ('3','3','Amarillo','3')
INFO:root:Opcion Registrada.
INFO:root:Realizando INSERT: INSERT INTO cerrada(id_encuesta,pos_pregunta,enunciado,seleccionar_varias) VALUES ('3','4','Comer','0')
INFO:root:Pregunta cerrada Registrada.
INFO:root:Realizando INSERT: INSERT INTO opcion(pos_pregunta,pos_opcion,enunciado,id_encuesta) VALUES ('4','1','Si quiero','3')
INFO:root:Opcion Registrada.
INFO:root:Realizando INSERT: INSERT INTO opcion(pos_pregunta,pos_opcion,enunciado,id_encuesta) VALUES ('4','2','No quiero','3')
INFO:root:Opcion Registrada.
INFO:root:Realizando INSERT: INSERT INTO opcion(pos_pregunta,pos_opcion,enunciado,id_encuesta) VALUES ('4','3','Morir','3')
INFO:root:Opcion Registrada.
INFO:root:Realizando SELECT: SELECT * FROM usuario WHERE email='' AND contrasenia='da39a3ee5e6b4b0d3255bfef95601890afd80709'
INFO:root:Log creado el: 2022-1-17_18-9-13
INFO:root:Realizando SELECT: SELECT * FROM usuario WHERE email='mario@u.com' AND contrasenia='addb47291ee169f330801ce73520b96f2eaf20ea'
INFO:root:Log creado el: 2022-1-17_20-46-51
INFO:root:Realizando SELECT: SELECT * FROM usuario WHERE email='mario@u.com' AND contrasenia='addb47291ee169f330801ce73520b96f2eaf20ea'
INFO:root:Log creado el: 2022-1-17_20-47-45
INFO:root:Realizando SELECT: SELECT * FROM usuario WHERE email='mario@u.com' AND contrasenia='addb47291ee169f330801ce73520b96f2eaf20ea'
INFO:root:Log creado el: 2022-1-17_20-48-11
INFO:root:Realizando SELECT: SELECT * FROM usuario WHERE email='mario@u.com' AND contrasenia='addb47291ee169f330801ce73520b96f2eaf20ea'
INFO:root:Realizando SELECT: SELECT cedula,nombre FROM usuario
INFO:root:Log creado el: 2022-1-17_20-49-12
INFO:root:Realizando SELECT: SELECT * FROM usuario WHERE email='mario@u.com' AND contrasenia='addb47291ee169f330801ce73520b96f2eaf20ea'
INFO:root:Realizando SELECT: SELECT cedula,nombre FROM usuario
INFO:root:Realizando SELECT: SELECT * FROM encuestas WHERE cedula like '%1720688900%' AND titulo like '%%' AND fecha like '%%'
INFO:root:Log creado el: 2022-1-17_20-49-57
INFO:root:Realizando SELECT: SELECT * FROM usuario WHERE email='mario@u.com' AND contrasenia='addb47291ee169f330801ce73520b96f2eaf20ea'
INFO:root:Realizando SELECT: SELECT cedula,nombre FROM usuario
INFO:root:Realizando SELECT: SELECT * FROM encuesta WHERE cedula like '%1720688900%' AND titulo like '%%' AND fecha like '%%'
INFO:root:Realizando SELECT: SELECT cedula,nombre FROM usuario
INFO:root:Realizando SELECT: SELECT cedula,nombre FROM usuario
INFO:root:Realizando SELECT: SELECT * FROM encuesta WHERE cedula like '%1720688900%' AND titulo like '%%' AND fecha like '%%'
INFO:root:Realizando SELECT: SELECT cedula,nombre FROM usuario
INFO:root:Realizando SELECT: SELECT cedula,nombre FROM usuario
INFO:root:Realizando SELECT: SELECT * FROM encuesta WHERE cedula like '%1720688900%' AND titulo like '%%' AND fecha like '%%'
INFO:root:Realizando SELECT: SELECT cedula,nombre FROM usuario
INFO:root:Realizando SELECT: SELECT cedula,nombre FROM usuario
INFO:root:Realizando SELECT: SELECT * FROM encuesta WHERE cedula like '%1720688900%' AND titulo like '%%' AND fecha like '%%'
INFO:root:Realizando SELECT: SELECT cedula,nombre FROM usuario
INFO:root:Realizando SELECT: SELECT cedula,nombre FROM usuario
INFO:root:Realizando SELECT: SELECT * FROM encuesta WHERE cedula like '%1720688900%' AND titulo like '%%' AND fecha like '%%'
INFO:root:Realizando SELECT: SELECT cedula,nombre FROM usuario
INFO:root:Realizando SELECT: SELECT cedula,nombre FROM usuario
INFO:root:Realizando SELECT: SELECT * FROM encuesta WHERE cedula like '%1720688900%' AND titulo like '%%' AND fecha like '%%'
INFO:root:Realizando SELECT: SELECT cedula,nombre FROM usuario
INFO:root:Realizando SELECT: SELECT cedula,nombre FROM usuario
INFO:root:Realizando SELECT: SELECT * FROM encuesta WHERE cedula like '%1720688900%' AND titulo like '%%' AND fecha like '%%'
INFO:root:Realizando SELECT: SELECT cedula,nombre FROM usuario
INFO:root:Realizando SELECT: SELECT cedula,nombre FROM usuario
INFO:root:Realizando SELECT: SELECT * FROM encuesta WHERE cedula like '%1720688900%' AND titulo like '%%' AND fecha like '%%'
INFO:root:Realizando SELECT: SELECT cedula,nombre FROM usuario
INFO:root:Realizando SELECT: SELECT cedula,nombre FROM usuario
INFO:root:Realizando SELECT: SELECT * FROM encuesta WHERE cedula like '%1720688900%' AND titulo like '%%' AND fecha like '%%'
INFO:root:Realizando SELECT: SELECT cedula,nombre FROM usuario
INFO:root:Realizando SELECT: SELECT cedula,nombre FROM usuario
INFO:root:Realizando SELECT: SELECT * FROM encuesta WHERE cedula like '%1720688900%' AND titulo like '%%' AND fecha like '%%'
INFO:root:Realizando SELECT: SELECT cedula,nombre FROM usuario
INFO:root:Realizando SELECT: SELECT cedula,nombre FROM usuario
INFO:root:Realizando SELECT: SELECT * FROM encuesta WHERE cedula like '%1720688900%' AND titulo like '%%' AND fecha like '%%'
INFO:root:Realizando SELECT: SELECT cedula,nombre FROM usuario
INFO:root:Realizando SELECT: SELECT cedula,nombre FROM usuario
INFO:root:Realizando SELECT: SELECT * FROM encuesta WHERE cedula like '%1720688900%' AND titulo like '%%' AND fecha like '%%'
INFO:root:Realizando SELECT: SELECT cedula,nombre FROM usuario
INFO:root:Realizando SELECT: SELECT cedula,nombre FROM usuario
INFO:root:Realizando SELECT: SELECT * FROM encuesta WHERE cedula like '%1720688900%' AND titulo like '%%' AND fecha like '%%'
INFO:root:Realizando SELECT: SELECT cedula,nombre FROM usuario
INFO:root:Realizando SELECT: SELECT cedula,nombre FROM usuario
INFO:root:Realizando SELECT: SELECT * FROM encuesta WHERE cedula like '%1720688900%' AND titulo like '%%' AND fecha like '%%'
INFO:root:Realizando SELECT: SELECT cedula,nombre FROM usuario
INFO:root:Realizando SELECT: SELECT cedula,nombre FROM usuario
INFO:root:Realizando SELECT: SELECT * FROM encuesta WHERE cedula like '%1720688900%' AND titulo like '%%' AND fecha like '%%'
INFO:root:Realizando SELECT: SELECT cedula,nombre FROM usuario
INFO:root:Realizando SELECT: SELECT cedula,nombre FROM usuario
INFO:root:Realizando SELECT: SELECT * FROM encuesta WHERE cedula like '%1720688900%' AND titulo like '%%' AND fecha like '%%'
INFO:root:Realizando SELECT: SELECT cedula,nombre FROM usuario
INFO:root:Realizando SELECT: SELECT cedula,nombre FROM usuario
INFO:root:Realizando SELECT: SELECT * FROM encuesta WHERE cedula like '%1720688900%' AND titulo like '%%' AND fecha like '%%'
INFO:root:Realizando SELECT: SELECT cedula,nombre FROM usuario
INFO:root:Realizando SELECT: SELECT cedula,nombre FROM usuario
INFO:root:Realizando SELECT: SELECT * FROM encuesta WHERE cedula like '%1720688900%' AND titulo like '%%' AND fecha like '%%'
INFO:root:Realizando SELECT: SELECT cedula,nombre FROM usuario
INFO:root:Log creado el: 2022-1-17_20-53-47
INFO:root:Realizando SELECT: SELECT * FROM usuario WHERE email='mario@u.com' AND contrasenia='addb47291ee169f330801ce73520b96f2eaf20ea'
INFO:root:Realizando SELECT: SELECT cedula,nombre FROM usuario
INFO:root:Realizando SELECT: SELECT * FROM encuesta WHERE cedula like '%1720688900%' AND titulo like '%%' AND fecha like '%%'
INFO:root:Realizando SELECT: SELECT cedula,nombre FROM usuario
INFO:root:Realizando SELECT: SELECT * FROM encuesta WHERE cedula like '%1720688900%' AND titulo like '%Hola como estas%' AND fecha like '%%'
INFO:root:Realizando SELECT: SELECT cedula,nombre FROM usuario
INFO:root:Realizando SELECT: SELECT * FROM encuesta WHERE cedula like '%1720688900%' AND titulo like '%%' AND fecha like '%%'
INFO:root:Realizando SELECT: SELECT cedula,nombre FROM usuario
INFO:root:Realizando SELECT: SELECT cedula,nombre FROM usuario
INFO:root:Realizando SELECT: SELECT * FROM encuesta WHERE cedula like '%1720688900%' AND titulo like '%%' AND fecha like '%%'
INFO:root:Realizando SELECT: SELECT cedula,nombre FROM usuario
INFO:root:Realizando SELECT: SELECT cedula,nombre FROM usuario
INFO:root:Realizando SELECT: SELECT * FROM encuesta WHERE cedula like '%1720688900%' AND titulo like '%%' AND fecha like '%%'
INFO:root:Realizando SELECT: SELECT cedula,nombre FROM usuario
INFO:root:Log creado el: 2022-1-17_20-59-0
INFO:root:Log creado el: 2022-1-17_20-59-23
INFO:root:Log creado el: 2022-1-17_20-59-49
INFO:root:Realizando SELECT: SELECT * FROM usuario WHERE email='mario@u.com' AND contrasenia='addb47291ee169f330801ce73520b96f2eaf20ea'
INFO:root:Realizando SELECT: SELECT cedula,nombre FROM usuario
INFO:root:Realizando SELECT: SELECT * FROM encuesta WHERE cedula like '%1720688900%' AND titulo like '%%' AND fecha like '%%'
INFO:root:Realizando SELECT: SELECT cedula,nombre FROM usuario
INFO:root:Log creado el: 2022-1-17_21-9-2
INFO:root:Realizando SELECT: SELECT * FROM usuario WHERE email='mario@u.com' AND contrasenia='addb47291ee169f330801ce73520b96f2eaf20ea'
INFO:root:Realizando SELECT: SELECT cedula,nombre FROM usuario
INFO:root:Realizando SELECT: SELECT * FROM encuesta WHERE cedula like '%1720688918%' AND titulo like '%%' AND fecha like '%%'
INFO:root:Realizando SELECT: SELECT cedula,nombre FROM usuario
INFO:root:Log creado el: 2022-1-17_21-9-21
INFO:root:Realizando SELECT: SELECT * FROM usuario WHERE email='mario@u.com' AND contrasenia='addb47291ee169f330801ce73520b96f2eaf20ea'
INFO:root:Realizando SELECT: SELECT cedula,nombre FROM usuario
INFO:root:Realizando SELECT: SELECT * FROM encuesta WHERE cedula like '%1720688918%' AND titulo like '%%' AND fecha like '%%'
INFO:root:Realizando SELECT: SELECT cedula,nombre FROM usuario
INFO:root:Log creado el: 2022-1-17_21-11-47
INFO:root:Realizando SELECT: SELECT * FROM usuario WHERE email='mario@u.com' AND contrasenia='addb47291ee169f330801ce73520b96f2eaf20ea'
INFO:root:Realizando SELECT: SELECT cedula,nombre FROM usuario
INFO:root:Realizando SELECT: SELECT * FROM encuesta WHERE cedula like '%1720688918%' AND titulo like '%%' AND fecha like '%%'
INFO:root:Realizando SELECT: SELECT cedula,nombre FROM usuario
INFO:root:Log creado el: 2022-1-17_21-15-38
INFO:root:Realizando SELECT: SELECT * FROM usuario WHERE email='mario@u.com' AND contrasenia='addb47291ee169f330801ce73520b96f2eaf20ea'
INFO:root:Realizando SELECT: SELECT cedula,nombre FROM usuario
INFO:root:Log creado el: 2022-1-17_21-16-58
INFO:root:Realizando SELECT: SELECT * FROM usuario WHERE email='mario@u.com' AND contrasenia='addb47291ee169f330801ce73520b96f2eaf20ea'
INFO:root:Realizando SELECT: SELECT cedula,nombre FROM usuario
INFO:root:Realizando SELECT: SELECT * FROM encuesta WHERE cedula like '%%' AND titulo like '%%' AND fecha like '%%'
INFO:root:Realizando SELECT: SELECT cedula,nombre FROM usuario
INFO:root:Realizando SELECT: SELECT * FROM encuesta WHERE cedula like '%1720688900%' AND titulo like '%%' AND fecha like '%%'
INFO:root:Realizando SELECT: SELECT cedula,nombre FROM usuario
INFO:root:Realizando SELECT: SELECT * FROM encuesta WHERE cedula like '%1720688900%' AND titulo like '%%' AND fecha like '%%'
INFO:root:Realizando SELECT: SELECT cedula,nombre FROM usuario
INFO:root:Realizando SELECT: SELECT * FROM encuesta WHERE cedula like '%1720688900%' AND titulo like '%%' AND fecha like '%%'
INFO:root:Realizando SELECT: SELECT cedula,nombre FROM usuario
INFO:root:Realizando SELECT: SELECT * FROM encuesta WHERE cedula like '%1720688918%' AND titulo like '%%' AND fecha like '%%'
INFO:root:Realizando SELECT: SELECT cedula,nombre FROM usuario
INFO:root:Realizando SELECT: SELECT * FROM encuesta WHERE cedula like '%1720688918%' AND titulo like '%%' AND fecha like '%%'
INFO:root:Realizando SELECT: SELECT cedula,nombre FROM usuario
INFO:root:Realizando SELECT: SELECT * FROM encuesta WHERE cedula like '%1720688918%' AND titulo like '%%' AND fecha like '%%'
INFO:root:Realizando SELECT: SELECT cedula,nombre FROM usuario
INFO:root:Realizando SELECT: SELECT * FROM encuesta WHERE cedula like '%1720688918%' AND titulo like '%%' AND fecha like '%%'
INFO:root:Realizando SELECT: SELECT cedula,nombre FROM usuario
INFO:root:Realizando SELECT: SELECT * FROM encuesta WHERE cedula like '%1720688918%' AND titulo like '%%' AND fecha like '%%'
INFO:root:Realizando SELECT: SELECT cedula,nombre FROM usuario
INFO:root:Realizando SELECT: SELECT * FROM encuesta WHERE cedula like '%1720688918%' AND titulo like '%%' AND fecha like '%%'
INFO:root:Realizando SELECT: SELECT cedula,nombre FROM usuario
INFO:root:Realizando SELECT: SELECT * FROM encuesta WHERE cedula like '%1720688918%' AND titulo like '%%' AND fecha like '%%'
INFO:root:Realizando SELECT: SELECT cedula,nombre FROM usuario
INFO:root:Realizando SELECT: SELECT * FROM encuesta WHERE cedula like '%1720688918%' AND titulo like '%pro%' AND fecha like '%%'
INFO:root:Realizando SELECT: SELECT cedula,nombre FROM usuario
INFO:root:Realizando SELECT: SELECT * FROM encuesta WHERE cedula like '%1720688918%' AND titulo like '%pro%' AND fecha like '%%'
INFO:root:Realizando SELECT: SELECT cedula,nombre FROM usuario
INFO:root:Log creado el: 2022-1-17_21-19-3
INFO:root:Log creado el: 2022-1-17_21-19-31
INFO:root:Realizando SELECT: SELECT * FROM usuario WHERE email='mario@u.com' AND contrasenia='addb47291ee169f330801ce73520b96f2eaf20ea'
INFO:root:Realizando SELECT: SELECT cedula,nombre FROM usuario
INFO:root:Realizando SELECT: SELECT * FROM encuesta WHERE cedula like '%%' AND titulo like '%%' AND fecha like '%%'
INFO:root:Realizando SELECT: SELECT cedula,nombre FROM usuario
INFO:root:Realizando SELECT: SELECT * FROM encuesta WHERE cedula like '%1720688900%' AND titulo like '%%' AND fecha like '%%'
INFO:root:Realizando SELECT: SELECT cedula,nombre FROM usuario
INFO:root:Realizando SELECT: SELECT * FROM encuesta WHERE cedula like '%1720688900%' AND titulo like '%%' AND fecha like '%%'
INFO:root:Realizando SELECT: SELECT cedula,nombre FROM usuario
INFO:root:Realizando SELECT: SELECT * FROM encuesta WHERE cedula like '%1720688900%' AND titulo like '%%' AND fecha like '%%'
INFO:root:Realizando SELECT: SELECT cedula,nombre FROM usuario
INFO:root:Realizando SELECT: SELECT * FROM encuesta WHERE cedula like '%1720688918%' AND titulo like '%%' AND fecha like '%%'
INFO:root:Realizando SELECT: SELECT cedula,nombre FROM usuario
INFO:root:Realizando SELECT: SELECT * FROM encuesta WHERE cedula like '%1720688918%' AND titulo like '%%' AND fecha like '%%'
INFO:root:Realizando SELECT: SELECT cedula,nombre FROM usuario
INFO:root:Realizando SELECT: SELECT * FROM encuesta WHERE cedula like '%1720688918%' AND titulo like '%dsa%' AND fecha like '%%'
INFO:root:Realizando SELECT: SELECT cedula,nombre FROM usuario
INFO:root:Realizando SELECT: SELECT * FROM encuesta WHERE cedula like '%1720688918%' AND titulo like '%dsadsadsadsa%' AND fecha like '%%'
INFO:root:Realizando SELECT: SELECT cedula,nombre FROM usuario
INFO:root:Realizando SELECT: SELECT * FROM encuesta WHERE cedula like '%1720688918%' AND titulo like '%dsadsadsadsa%' AND fecha like '%%'
INFO:root:Realizando SELECT: SELECT cedula,nombre FROM usuario
INFO:root:Realizando SELECT: SELECT * FROM encuesta WHERE cedula like '%1720688900%' AND titulo like '%dsadsadsadsa%' AND fecha like '%%'
INFO:root:Realizando SELECT: SELECT cedula,nombre FROM usuario
INFO:root:Realizando SELECT: SELECT * FROM encuesta WHERE cedula like '%1720688900%' AND titulo like '%dsadsadsadsa%' AND fecha like '%%'
INFO:root:Realizando SELECT: SELECT cedula,nombre FROM usuario
INFO:root:Realizando SELECT: SELECT * FROM encuesta WHERE cedula like '%1720688900%' AND titulo like '%dsadsadsadsa%' AND fecha like '%%'
INFO:root:Realizando SELECT: SELECT cedula,nombre FROM usuario
INFO:root:Realizando SELECT: SELECT * FROM encuesta WHERE cedula like '%1720688900%' AND titulo like '%dsadsadsadsa%' AND fecha like '%%'
INFO:root:Realizando SELECT: SELECT cedula,nombre FROM usuario
INFO:root:Log creado el: 2022-1-17_21-24-18
INFO:root:Realizando SELECT: SELECT * FROM usuario WHERE email='mario@u.com' AND contrasenia='addb47291ee169f330801ce73520b96f2eaf20ea'
INFO:root:Realizando SELECT: SELECT cedula,nombre FROM usuario
INFO:root:Realizando SELECT: SELECT * FROM encuesta WHERE cedula like '%%' AND titulo like '%%' AND fecha like '%%'
INFO:root:Realizando SELECT: SELECT cedula,nombre FROM usuario
INFO:root:Realizando SELECT: SELECT * FROM encuesta WHERE cedula like '%%' AND titulo like '%%' AND fecha like '%%'
INFO:root:Realizando SELECT: SELECT cedula,nombre FROM usuario
INFO:root:Realizando SELECT: SELECT * FROM encuesta WHERE cedula like '%%' AND titulo like '%%' AND fecha like '%%'
INFO:root:Realizando SELECT: SELECT cedula,nombre FROM usuario
INFO:root:Realizando SELECT: SELECT * FROM encuesta WHERE cedula like '%%' AND titulo like '%%' AND fecha like '%%'
INFO:root:Realizando SELECT: SELECT cedula,nombre FROM usuario
INFO:root:Realizando SELECT: SELECT * FROM encuesta WHERE cedula like '%%' AND titulo like '%%' AND fecha like '%%'
INFO:root:Realizando SELECT: SELECT cedula,nombre FROM usuario
INFO:root:Realizando SELECT: SELECT * FROM encuesta WHERE cedula like '%%' AND titulo like '%%' AND fecha like '%%'
INFO:root:Realizando SELECT: SELECT cedula,nombre FROM usuario
INFO:root:Realizando SELECT: SELECT * FROM encuesta WHERE cedula like '%1720688900%' AND titulo like '%%' AND fecha like '%%'
INFO:root:Realizando SELECT: SELECT cedula,nombre FROM usuario
INFO:root:Realizando SELECT: SELECT * FROM encuesta WHERE cedula like '%1720688918%' AND titulo like '%%' AND fecha like '%%'
INFO:root:Realizando SELECT: SELECT cedula,nombre FROM usuario
INFO:root:Realizando SELECT: SELECT * FROM encuesta WHERE cedula like '%1720688918%' AND titulo like '%com%' AND fecha like '%%'
INFO:root:Realizando SELECT: SELECT cedula,nombre FROM usuario
INFO:root:Realizando SELECT: SELECT * FROM encuesta WHERE cedula like '%1720688918%' AND titulo like '%%' AND fecha like '%%'
INFO:root:Realizando SELECT: SELECT cedula,nombre FROM usuario
INFO:root:Realizando SELECT: SELECT * FROM encuesta WHERE cedula like '%1720688918%' AND titulo like '%gf%' AND fecha like '%%'
INFO:root:Realizando SELECT: SELECT cedula,nombre FROM usuario
INFO:root:Realizando SELECT: SELECT * FROM encuesta WHERE cedula like '%1720688918%' AND titulo like '%%' AND fecha like '%%'
INFO:root:Realizando SELECT: SELECT cedula,nombre FROM usuario
INFO:root:Realizando SELECT: SELECT * FROM encuesta WHERE cedula like '%1720688918%' AND titulo like '%%' AND fecha like '%2022-1-1%'
INFO:root:Realizando SELECT: SELECT cedula,nombre FROM usuario
INFO:root:Realizando SELECT: SELECT * FROM encuesta WHERE cedula like '%1720688918%' AND titulo like '%%' AND fecha like '%%'
INFO:root:Realizando SELECT: SELECT cedula,nombre FROM usuario
INFO:root:Realizando SELECT: SELECT * FROM encuesta WHERE cedula like '%1720688918%' AND titulo like '%%' AND fecha like '%2022-1-17%'
INFO:root:Realizando SELECT: SELECT cedula,nombre FROM usuario
INFO:root:Realizando SELECT: SELECT * FROM encuesta WHERE cedula like '%1720688918%' AND titulo like '%%' AND fecha like '%2022-1-17%'
INFO:root:Realizando SELECT: SELECT cedula,nombre FROM usuario
INFO:root:Log creado el: 2022-1-17_21-28-6
INFO:root:Realizando SELECT: SELECT * FROM usuario WHERE email='mario@u.com' AND contrasenia='addb47291ee169f330801ce73520b96f2eaf20ea'
INFO:root:Realizando SELECT: SELECT cedula,nombre FROM usuario
INFO:root:Realizando SELECT: SELECT * FROM encuesta WHERE cedula like '%%' AND titulo like '%%' AND fecha like '%%'
INFO:root:Realizando SELECT: SELECT cedula,nombre FROM usuario
INFO:root:Realizando SELECT: SELECT * FROM encuesta WHERE cedula like '%1720688900%' AND titulo like '%%' AND fecha like '%%'
INFO:root:Realizando SELECT: SELECT cedula,nombre FROM usuario
INFO:root:Realizando SELECT: SELECT * FROM encuesta WHERE cedula like '%%' AND titulo like '%%' AND fecha like '%%'
INFO:root:Realizando SELECT: SELECT cedula,nombre FROM usuario
INFO:root:Realizando SELECT: SELECT * FROM encuesta WHERE cedula like '%%' AND titulo like '%%' AND fecha like '%PyQt6.QtCore.QDate(2022, 1, 1)%'
INFO:root:Realizando SELECT: SELECT cedula,nombre FROM usuario
INFO:root:Realizando SELECT: SELECT * FROM encuesta WHERE cedula like '%%' AND titulo like '%%' AND fecha like '%%'
INFO:root:Realizando SELECT: SELECT cedula,nombre FROM usuario
INFO:root:Realizando SELECT: SELECT * FROM encuesta WHERE cedula like '%%' AND titulo like '%%' AND fecha like '%%'
INFO:root:Realizando SELECT: SELECT cedula,nombre FROM usuario
INFO:root:Realizando SELECT: SELECT * FROM encuesta WHERE cedula like '%%' AND titulo like '%%' AND fecha like '%%'
INFO:root:Realizando SELECT: SELECT cedula,nombre FROM usuario
INFO:root:Realizando SELECT: SELECT * FROM encuesta WHERE cedula like '%%' AND titulo like '%%' AND fecha like '%%'
INFO:root:Realizando SELECT: SELECT cedula,nombre FROM usuario
INFO:root:Realizando SELECT: SELECT * FROM encuesta WHERE cedula like '%%' AND titulo like '%%' AND fecha like '%%'
INFO:root:Realizando SELECT: SELECT cedula,nombre FROM usuario
INFO:root:Realizando SELECT: SELECT * FROM encuesta WHERE cedula like '%%' AND titulo like '%%' AND fecha like '%%'
INFO:root:Realizando SELECT: SELECT cedula,nombre FROM usuario
INFO:root:Realizando SELECT: SELECT * FROM encuesta WHERE cedula like '%%' AND titulo like '%%' AND fecha like '%%'
INFO:root:Realizando SELECT: SELECT cedula,nombre FROM usuario
INFO:root:Realizando SELECT: SELECT * FROM encuesta WHERE cedula like '%%' AND titulo like '%%' AND fecha like '%PyQt6.QtCore.QDate(2022, 1, 17)%'
INFO:root:Realizando SELECT: SELECT cedula,nombre FROM usuario
INFO:root:Realizando SELECT: SELECT * FROM encuesta WHERE cedula like '%%' AND titulo like '%%' AND fecha like '%PyQt6.QtCore.QDate(2022, 1, 17)%'
INFO:root:Realizando SELECT: SELECT cedula,nombre FROM usuario
INFO:root:Log creado el: 2022-1-17_21-32-10
INFO:root:Realizando SELECT: SELECT * FROM usuario WHERE email='mario@u.com' AND contrasenia='addb47291ee169f330801ce73520b96f2eaf20ea'
INFO:root:Realizando SELECT: SELECT cedula,nombre FROM usuario
INFO:root:Realizando SELECT: SELECT * FROM encuesta WHERE cedula like '%%' AND titulo like '%%' AND fecha like '%%'
INFO:root:Realizando SELECT: SELECT * FROM encuesta WHERE cedula like '%%' AND titulo like '%%' AND fecha like '%%'
INFO:root:Realizando SELECT: SELECT * FROM encuesta WHERE cedula like '%%' AND titulo like '%%' AND fecha like '%2022-01-17%'
INFO:root:Realizando SELECT: SELECT * FROM encuesta WHERE cedula like '%%' AND titulo like '%%' AND fecha like '%2022-02-17%'
INFO:root:Realizando SELECT: SELECT * FROM encuesta WHERE cedula like '%%' AND titulo like '%%' AND fecha like '%2022-01-17%'
INFO:root:Realizando SELECT: SELECT * FROM encuesta WHERE cedula like '%%' AND titulo like '%c%' AND fecha like '%2022-01-17%'
INFO:root:Realizando SELECT: SELECT * FROM encuesta WHERE cedula like '%%' AND titulo like '%c%' AND fecha like '%%'
INFO:root:Realizando SELECT: SELECT * FROM encuesta WHERE cedula like '%%' AND titulo like '%%' AND fecha like '%%'
INFO:root:Log creado el: 2022-1-17_22-33-34
INFO:root:Realizando SELECT: SELECT * FROM usuario WHERE email='mario@u.com' AND contrasenia='addb47291ee169f330801ce73520b96f2eaf20ea'
INFO:root:Realizando SELECT: SELECT cedula,nombre FROM usuario
INFO:root:Realizando SELECT: SELECT * FROM encuesta WHERE cedula like '%%' AND titulo like '%%' AND fecha like '%%'
INFO:root:Log creado el: 2022-1-17_22-34-19
INFO:root:Realizando SELECT: SELECT * FROM usuario WHERE email='mario@u.com' AND contrasenia='addb47291ee169f330801ce73520b96f2eaf20ea'
INFO:root:Realizando SELECT: SELECT cedula,nombre FROM usuario
INFO:root:Realizando SELECT: SELECT * FROM encuesta WHERE cedula like '%%' AND titulo like '%%' AND fecha like '%%'
INFO:root:Realizando SELECT: SELECT * FROM encuesta WHERE cedula like '%%' AND titulo like '%c%' AND fecha like '%%'
INFO:root:Realizando SELECT: SELECT * FROM encuesta WHERE cedula like '%%' AND titulo like '%p%' AND fecha like '%%'
INFO:root:Realizando SELECT: SELECT * FROM encuesta WHERE cedula like '%1720688918%' AND titulo like '%%' AND fecha like '%%'
INFO:root:Realizando SELECT: SELECT * FROM encuesta WHERE cedula like '%1720688918%' AND titulo like '%%' AND fecha like '%2022-01-01%'
INFO:root:Realizando SELECT: SELECT * FROM encuesta WHERE cedula like '%1720688918%' AND titulo like '%%' AND fecha like '%2022-01-17%'
INFO:root:Realizando SELECT: SELECT * FROM encuesta WHERE cedula like '%1720688918%' AND titulo like '%c%' AND fecha like '%2022-01-17%'
INFO:root:Log creado el: 2022-1-17_22-39-39
INFO:root:Realizando SELECT: SELECT * FROM usuario WHERE email='mario@u.com' AND contrasenia='addb47291ee169f330801ce73520b96f2eaf20ea'
INFO:root:Realizando SELECT: SELECT cedula,nombre FROM usuario
INFO:root:Realizando SELECT: SELECT * FROM encuesta WHERE cedula like '%%' AND titulo like '%%' AND fecha like '%%'
INFO:root:Log creado el: 2022-1-17_22-56-54
INFO:root:Realizando SELECT: SELECT * FROM usuario WHERE email='mario@u.com' AND contrasenia='addb47291ee169f330801ce73520b96f2eaf20ea'
INFO:root:Realizando INSERT: INSERT INTO encuesta(titulo,cedula) VALUES ('Título','1720688918')
INFO:root:Encuesta Registrada.
INFO:root:Aviso: id_encuesta obtenido: 4
INFO:root:Log creado el: 2022-1-17_22-59-1
INFO:root:Realizando SELECT: SELECT * FROM usuario WHERE email='mario@u.com' AND contrasenia='addb47291ee169f330801ce73520b96f2eaf20ea'
INFO:root:Realizando SELECT: SELECT * FROM encuesta WHERE cedula like '%1720688918%' AND titulo like '%%' AND fecha like '%%'
INFO:root:Realizando SELECT: SELECT * FROM encuesta WHERE cedula like '%1720688918%' AND titulo like '%t%' AND fecha like '%%'
INFO:root:Realizando SELECT: SELECT * FROM encuesta WHERE cedula like '%1720688918%' AND titulo like '%ti%' AND fecha like '%%'
INFO:root:Realizando SELECT: SELECT * FROM encuesta WHERE cedula like '%1720688918%' AND titulo like '%c%' AND fecha like '%%'
INFO:root:Realizando SELECT: SELECT * FROM encuesta WHERE cedula like '%1720688918%' AND titulo like '%%' AND fecha like '%%'
INFO:root:Log creado el: 2022-1-18_0-27-48
INFO:root:Realizando SELECT: SELECT * FROM usuario WHERE email='mario@u.com' AND contrasenia='addb47291ee169f330801ce73520b96f2eaf20ea'
INFO:root:Realizando SELECT: SELECT cedula,nombre FROM usuario
INFO:root:Realizando SELECT: SELECT * FROM encuesta WHERE cedula like '%%' AND titulo like '%%' AND fecha like '%%'
INFO:root:Log creado el: 2022-1-18_0-28-58
INFO:root:Realizando SELECT: SELECT * FROM usuario WHERE email='mario@u.com' AND contrasenia='addb47291ee169f330801ce73520b96f2eaf20ea'
INFO:root:Realizando SELECT: SELECT cedula,nombre FROM usuario
INFO:root:Realizando SELECT: SELECT * FROM encuesta WHERE cedula like '%%' AND titulo like '%%' AND fecha like '%%'
INFO:root:Log creado el: 2022-1-18_0-29-51
INFO:root:Realizando SELECT: SELECT * FROM usuario WHERE email='mario@u.com' AND contrasenia='addb47291ee169f330801ce73520b96f2eaf20ea'
INFO:root:Realizando SELECT: SELECT cedula,nombre FROM usuario
INFO:root:Realizando SELECT: SELECT * FROM encuesta WHERE cedula like '%%' AND titulo like '%%' AND fecha like '%%'
INFO:root:Realizando SELECT: SELECT * FROM encuesta WHERE id_encuesta='1'
INFO:root:Realizando SELECT: SELECT * FROM abierta WHERE id_encuesta='1'
INFO:root:Realizando SELECT: SELECT * FROM cerrada WHERE id_encuesta='1'
INFO:root:Log creado el: 2022-1-18_0-30-51
INFO:root:Realizando SELECT: SELECT * FROM usuario WHERE email='mario@u.com' AND contrasenia='addb47291ee169f330801ce73520b96f2eaf20ea'
INFO:root:Realizando SELECT: SELECT cedula,nombre FROM usuario
INFO:root:Realizando SELECT: SELECT * FROM encuesta WHERE cedula like '%%' AND titulo like '%%' AND fecha like '%%'
INFO:root:Realizando SELECT: SELECT * FROM encuesta WHERE id_encuesta='1'
INFO:root:Realizando SELECT: SELECT * FROM abierta WHERE id_encuesta='1'
INFO:root:Realizando SELECT: SELECT * FROM cerrada WHERE id_encuesta='1'
INFO:root:Realizando SELECT: SELECT * FROM encuesta WHERE id_encuesta='1'
INFO:root:Realizando SELECT: SELECT * FROM abierta WHERE id_encuesta='1'
INFO:root:Realizando SELECT: SELECT * FROM cerrada WHERE id_encuesta='1'
INFO:root:Realizando SELECT: SELECT * FROM encuesta WHERE id_encuesta='1'
INFO:root:Realizando SELECT: SELECT * FROM abierta WHERE id_encuesta='1'
INFO:root:Realizando SELECT: SELECT * FROM cerrada WHERE id_encuesta='1'
INFO:root:Log creado el: 2022-1-18_0-32-45
INFO:root:Realizando SELECT: SELECT * FROM usuario WHERE email='mario@u.com' AND contrasenia='addb47291ee169f330801ce73520b96f2eaf20ea'
INFO:root:Realizando SELECT: SELECT cedula,nombre FROM usuario
INFO:root:Realizando SELECT: SELECT * FROM encuesta WHERE cedula like '%%' AND titulo like '%%' AND fecha like '%%'
INFO:root:Realizando SELECT: SELECT * FROM encuesta WHERE id_encuesta='1'
INFO:root:Realizando SELECT: SELECT * FROM abierta WHERE id_encuesta='1'
INFO:root:Realizando SELECT: SELECT * FROM cerrada WHERE id_encuesta='1'
INFO:root:Log creado el: 2022-1-18_0-36-52
INFO:root:Realizando SELECT: SELECT * FROM usuario WHERE email='mario@u.com' AND contrasenia='addb47291ee169f330801ce73520b96f2eaf20ea'
INFO:root:Realizando SELECT: SELECT cedula,nombre FROM usuario
INFO:root:Realizando SELECT: SELECT * FROM encuesta WHERE cedula like '%%' AND titulo like '%%' AND fecha like '%%'
INFO:root:Realizando SELECT: SELECT * FROM encuesta WHERE id_encuesta='1'
INFO:root:Realizando SELECT: SELECT * FROM abierta WHERE id_encuesta='1'
INFO:root:Realizando SELECT: SELECT * FROM cerrada WHERE id_encuesta='1'
INFO:root:Realizando SELECT: SELECT * FROM encuesta WHERE id_encuesta='3'
INFO:root:Realizando SELECT: SELECT * FROM abierta WHERE id_encuesta='3'
INFO:root:Realizando SELECT: SELECT * FROM cerrada WHERE id_encuesta='3'
INFO:root:Realizando SELECT: SELECT * FROM opcion WHERE pos_pregunta='2' AND id_encuesta='3'
INFO:root:Realizando SELECT: SELECT * FROM opcion WHERE pos_pregunta='3' AND id_encuesta='3'
INFO:root:Realizando SELECT: SELECT * FROM opcion WHERE pos_pregunta='4' AND id_encuesta='3'
INFO:root:Realizando SELECT: SELECT * FROM encuesta WHERE id_encuesta='3'
INFO:root:Realizando SELECT: SELECT * FROM abierta WHERE id_encuesta='3'
INFO:root:Realizando SELECT: SELECT * FROM cerrada WHERE id_encuesta='3'
INFO:root:Realizando SELECT: SELECT * FROM opcion WHERE pos_pregunta='2' AND id_encuesta='3'
INFO:root:Realizando SELECT: SELECT * FROM opcion WHERE pos_pregunta='3' AND id_encuesta='3'
INFO:root:Realizando SELECT: SELECT * FROM opcion WHERE pos_pregunta='4' AND id_encuesta='3'
INFO:root:Realizando SELECT: SELECT * FROM encuesta WHERE id_encuesta='4'
INFO:root:Realizando SELECT: SELECT * FROM abierta WHERE id_encuesta='4'
INFO:root:Realizando SELECT: SELECT * FROM cerrada WHERE id_encuesta='4'
INFO:root:Realizando SELECT: SELECT * FROM encuesta WHERE id_encuesta='1'
INFO:root:Realizando SELECT: SELECT * FROM abierta WHERE id_encuesta='1'
INFO:root:Realizando SELECT: SELECT * FROM cerrada WHERE id_encuesta='1'
