INFO:root:

----------------------------------------------
Log creado el: 2022-1-25_18-50-34

INFO:root:Realizando INSERT: INSERT INTO usuario(cedula,nombre,email,contrasenia) VALUES ('1720688900','Maria Paredes','maria@u.com','e21fc56c1a272b630e0d1439079d0598cf8b8329')
INFO:root:Usuario registrado.
INFO:root:Realizando SELECT: SELECT * FROM usuario WHERE email='maria@u.com' AND contrasenia='e21fc56c1a272b630e0d1439079d0598cf8b8329'
INFO:root:Realizando INSERT: INSERT INTO encuesta(titulo,cedula) VALUES ('Opinion sobre Cena Navideña','1720688900')
INFO:root:Encuesta Registrada.
INFO:root:Aviso: id_encuesta obtenido: 1
INFO:root:Realizando INSERT: INSERT INTO abierta(id_encuesta,pos_pregunta,enunciado) VALUES ('1','1','Le gusto la cena navideña?')
INFO:root:Pregunta abierta Registrada.
INFO:root:Realizando INSERT: INSERT INTO cerrada(id_encuesta,pos_pregunta,enunciado,seleccionar_varias) VALUES ('1','2','Cual fue su plato preferido?','0')
INFO:root:Pregunta cerrada Registrada.
INFO:root:Realizando INSERT: INSERT INTO opcion(pos_pregunta,pos_opcion,enunciado,id_encuesta) VALUES ('2','1','Entrada','1')
INFO:root:Opcion Registrada.
INFO:root:Realizando INSERT: INSERT INTO opcion(pos_pregunta,pos_opcion,enunciado,id_encuesta) VALUES ('2','2','Principal','1')
INFO:root:Opcion Registrada.
INFO:root:Realizando INSERT: INSERT INTO opcion(pos_pregunta,pos_opcion,enunciado,id_encuesta) VALUES ('2','3','Ensalada','1')
INFO:root:Opcion Registrada.
INFO:root:Realizando INSERT: INSERT INTO opcion(pos_pregunta,pos_opcion,enunciado,id_encuesta) VALUES ('2','4','Postre','1')
INFO:root:Opcion Registrada.
INFO:root:Realizando INSERT: INSERT INTO cerrada(id_encuesta,pos_pregunta,enunciado,seleccionar_varias) VALUES ('1','3','El servicio fue de su agrado?','0')
INFO:root:Pregunta cerrada Registrada.
INFO:root:Realizando INSERT: INSERT INTO opcion(pos_pregunta,pos_opcion,enunciado,id_encuesta) VALUES ('3','1','Verdadero','1')
INFO:root:Opcion Registrada.
INFO:root:Realizando INSERT: INSERT INTO opcion(pos_pregunta,pos_opcion,enunciado,id_encuesta) VALUES ('3','2','Falso','1')
INFO:root:Opcion Registrada.
INFO:root:Realizando INSERT: INSERT INTO encuesta(titulo,cedula) VALUES ('Opinion servicio de Agua Potable','1720688900')
INFO:root:Encuesta Registrada.
INFO:root:Aviso: id_encuesta obtenido: 2
INFO:root:Realizando INSERT: INSERT INTO abierta(id_encuesta,pos_pregunta,enunciado) VALUES ('2','1','Opinion General sobre el servicio.')
INFO:root:Pregunta abierta Registrada.
INFO:root:Realizando INSERT: INSERT INTO cerrada(id_encuesta,pos_pregunta,enunciado,seleccionar_varias) VALUES ('2','2','Calidad del agua.','0')
INFO:root:Pregunta cerrada Registrada.
INFO:root:Realizando INSERT: INSERT INTO opcion(pos_pregunta,pos_opcion,enunciado,id_encuesta) VALUES ('2','1','1','2')
INFO:root:Opcion Registrada.
INFO:root:Realizando INSERT: INSERT INTO opcion(pos_pregunta,pos_opcion,enunciado,id_encuesta) VALUES ('2','2','2','2')
INFO:root:Opcion Registrada.
INFO:root:Realizando INSERT: INSERT INTO opcion(pos_pregunta,pos_opcion,enunciado,id_encuesta) VALUES ('2','3','3','2')
INFO:root:Opcion Registrada.
INFO:root:Realizando INSERT: INSERT INTO opcion(pos_pregunta,pos_opcion,enunciado,id_encuesta) VALUES ('2','4','4','2')
INFO:root:Opcion Registrada.
INFO:root:Realizando INSERT: INSERT INTO opcion(pos_pregunta,pos_opcion,enunciado,id_encuesta) VALUES ('2','5','5','2')
INFO:root:Opcion Registrada.
INFO:root:Realizando INSERT: INSERT INTO cerrada(id_encuesta,pos_pregunta,enunciado,seleccionar_varias) VALUES ('2','3','Se brindo la ayuda cuando la solicito?','0')
INFO:root:Pregunta cerrada Registrada.
INFO:root:Realizando INSERT: INSERT INTO opcion(pos_pregunta,pos_opcion,enunciado,id_encuesta) VALUES ('3','1','Verdadero','2')
INFO:root:Opcion Registrada.
INFO:root:Realizando INSERT: INSERT INTO opcion(pos_pregunta,pos_opcion,enunciado,id_encuesta) VALUES ('3','2','Falso','2')
INFO:root:Opcion Registrada.
INFO:root:Realizando INSERT: INSERT INTO cerrada(id_encuesta,pos_pregunta,enunciado,seleccionar_varias) VALUES ('2','4','En que debemos mejorar?','0')
INFO:root:Pregunta cerrada Registrada.
INFO:root:Realizando INSERT: INSERT INTO opcion(pos_pregunta,pos_opcion,enunciado,id_encuesta) VALUES ('4','1','Drenado','2')
INFO:root:Opcion Registrada.
INFO:root:Realizando INSERT: INSERT INTO opcion(pos_pregunta,pos_opcion,enunciado,id_encuesta) VALUES ('4','2','Alcantarillado','2')
INFO:root:Opcion Registrada.
INFO:root:Realizando INSERT: INSERT INTO opcion(pos_pregunta,pos_opcion,enunciado,id_encuesta) VALUES ('4','3','Calidad del Agua','2')
INFO:root:Opcion Registrada.
INFO:root:Realizando INSERT: INSERT INTO opcion(pos_pregunta,pos_opcion,enunciado,id_encuesta) VALUES ('4','4','Atencion','2')
INFO:root:Opcion Registrada.
INFO:root:Realizando INSERT: INSERT INTO encuesta(titulo,cedula) VALUES ('Opinion sobre el servicio de Electricidad','1720688900')
INFO:root:Encuesta Registrada.
INFO:root:Aviso: id_encuesta obtenido: 3
INFO:root:Realizando INSERT: INSERT INTO cerrada(id_encuesta,pos_pregunta,enunciado,seleccionar_varias) VALUES ('3','1','Obtuvo ayuda de forma inmediata?','0')
INFO:root:Pregunta cerrada Registrada.
INFO:root:Realizando INSERT: INSERT INTO opcion(pos_pregunta,pos_opcion,enunciado,id_encuesta) VALUES ('1','1','Verdadero','3')
INFO:root:Opcion Registrada.
INFO:root:Realizando INSERT: INSERT INTO opcion(pos_pregunta,pos_opcion,enunciado,id_encuesta) VALUES ('1','2','Falso','3')
INFO:root:Opcion Registrada.
INFO:root:Realizando INSERT: INSERT INTO cerrada(id_encuesta,pos_pregunta,enunciado,seleccionar_varias) VALUES ('3','2','Califique el servicio.','0')
INFO:root:Pregunta cerrada Registrada.
INFO:root:Realizando INSERT: INSERT INTO opcion(pos_pregunta,pos_opcion,enunciado,id_encuesta) VALUES ('2','1','1','3')
INFO:root:Opcion Registrada.
INFO:root:Realizando INSERT: INSERT INTO opcion(pos_pregunta,pos_opcion,enunciado,id_encuesta) VALUES ('2','2','2','3')
INFO:root:Opcion Registrada.
INFO:root:Realizando INSERT: INSERT INTO opcion(pos_pregunta,pos_opcion,enunciado,id_encuesta) VALUES ('2','3','3','3')
INFO:root:Opcion Registrada.
INFO:root:Realizando INSERT: INSERT INTO opcion(pos_pregunta,pos_opcion,enunciado,id_encuesta) VALUES ('2','4','4','3')
INFO:root:Opcion Registrada.
INFO:root:Realizando INSERT: INSERT INTO opcion(pos_pregunta,pos_opcion,enunciado,id_encuesta) VALUES ('2','5','5','3')
INFO:root:Opcion Registrada.
INFO:root:Realizando INSERT: INSERT INTO opcion(pos_pregunta,pos_opcion,enunciado,id_encuesta) VALUES ('2','6','6','3')
INFO:root:Opcion Registrada.
INFO:root:Realizando INSERT: INSERT INTO cerrada(id_encuesta,pos_pregunta,enunciado,seleccionar_varias) VALUES ('3','3','En que debemos mejorar?','1')
INFO:root:Pregunta cerrada Registrada.
INFO:root:Realizando INSERT: INSERT INTO opcion(pos_pregunta,pos_opcion,enunciado,id_encuesta) VALUES ('3','1','Atencion','3')
INFO:root:Opcion Registrada.
INFO:root:Realizando INSERT: INSERT INTO opcion(pos_pregunta,pos_opcion,enunciado,id_encuesta) VALUES ('3','2','Servicio','3')
INFO:root:Opcion Registrada.
INFO:root:Realizando INSERT: INSERT INTO opcion(pos_pregunta,pos_opcion,enunciado,id_encuesta) VALUES ('3','3','Velocidad de asistencia','3')
INFO:root:Opcion Registrada.
INFO:root:Realizando INSERT: INSERT INTO opcion(pos_pregunta,pos_opcion,enunciado,id_encuesta) VALUES ('3','4','Calidad del cableado','3')
INFO:root:Opcion Registrada.
INFO:root:Realizando SELECT: SELECT cedula,nombre FROM usuario
INFO:root:Realizando SELECT: SELECT * FROM encuesta WHERE cedula LIKE '%%' AND titulo LIKE '%%' AND fecha LIKE '%%'
INFO:root:Realizando SELECT: SELECT * FROM encuesta WHERE id_encuesta='2'
INFO:root:Realizando SELECT: SELECT * FROM abierta WHERE id_encuesta='2'
INFO:root:Realizando SELECT: SELECT * FROM cerrada WHERE id_encuesta='2'
INFO:root:Realizando SELECT: SELECT * FROM opcion WHERE pos_pregunta='2' AND id_encuesta='2'
INFO:root:Realizando SELECT: SELECT * FROM opcion WHERE pos_pregunta='3' AND id_encuesta='2'
INFO:root:Realizando SELECT: SELECT * FROM opcion WHERE pos_pregunta='4' AND id_encuesta='2'
INFO:root:Realizando INSERT: INSERT INTO responde_abierta(cedula,pos_pregunta,id_encuesta,respuesta) VALUES ('1720688900','1','2','Me parece un buen servicio')
INFO:root:Respuesta abierta Registrada.
INFO:root:Realizando INSERT: INSERT INTO escoge_opcion(cedula,pos_pregunta,id_encuesta,pos_opcion) VALUES ('1720688900','2','2','4')
INFO:root:La opcion escogida Registrada.
INFO:root:Realizando INSERT: INSERT INTO escoge_opcion(cedula,pos_pregunta,id_encuesta,pos_opcion) VALUES ('1720688900','3','2','1')
INFO:root:La opcion escogida Registrada.
INFO:root:Realizando INSERT: INSERT INTO escoge_opcion(cedula,pos_pregunta,id_encuesta,pos_opcion) VALUES ('1720688900','4','2','2')
INFO:root:La opcion escogida Registrada.
INFO:root:Realizando SELECT: SELECT * FROM encuesta WHERE cedula LIKE '%1720688900%' AND titulo LIKE '%%' AND fecha LIKE '%%'
INFO:root:Realizando SELECT: SELECT * FROM responde_abierta WHERE id_encuesta='2'
INFO:root:Realizando SELECT: SELECT nombre FROM usuario WHERE cedula='1720688900'
INFO:root:Realizando SELECT: SELECT enunciado FROM abierta WHERE pos_pregunta='1' AND id_encuesta='2'
INFO:root:Realizando SELECT: SELECT * FROM escoge_opcion WHERE id_encuesta='2'
INFO:root:Realizando SELECT: SELECT enunciado FROM opcion WHERE pos_opcion='1' AND pos_pregunta='3' AND id_encuesta='2'
INFO:root:Realizando SELECT: SELECT enunciado FROM cerrada WHERE pos_pregunta='3' AND id_encuesta='2'
INFO:root:Realizando SELECT: SELECT nombre FROM usuario WHERE cedula='1720688900'
INFO:root:Realizando SELECT: SELECT enunciado FROM opcion WHERE pos_opcion='2' AND pos_pregunta='4' AND id_encuesta='2'
INFO:root:Realizando SELECT: SELECT enunciado FROM cerrada WHERE pos_pregunta='4' AND id_encuesta='2'
INFO:root:Realizando SELECT: SELECT nombre FROM usuario WHERE cedula='1720688900'
INFO:root:Realizando SELECT: SELECT enunciado FROM opcion WHERE pos_opcion='4' AND pos_pregunta='2' AND id_encuesta='2'
INFO:root:Realizando SELECT: SELECT enunciado FROM cerrada WHERE pos_pregunta='2' AND id_encuesta='2'
INFO:root:Realizando SELECT: SELECT nombre FROM usuario WHERE cedula='1720688900'
INFO:root:Realizando INSERT: INSERT INTO usuario(cedula,nombre,email,contrasenia) VALUES ('1720688918','alberto','alberto@u.com','c1a4158909d6c23f73df353c7cc0bbe963891a65')
INFO:root:Usuario registrado.
INFO:root:

----------------------------------------------
Log creado el: 2022-1-25_19-9-36

INFO:root:Realizando SELECT: SELECT * FROM usuario WHERE email='' AND contrasenia='da39a3ee5e6b4b0d3255bfef95601890afd80709'
INFO:root:Realizando SELECT: SELECT * FROM usuario WHERE email='alberto@u.com' AND contrasenia='c1a4158909d6c23f73df353c7cc0bbe963891a65'
INFO:root:Realizando SELECT: SELECT cedula,nombre FROM usuario
INFO:root:Realizando SELECT: SELECT * FROM encuesta WHERE cedula LIKE '%%' AND titulo LIKE '%%' AND fecha LIKE '%%'
INFO:root:Realizando SELECT: SELECT * FROM encuesta WHERE cedula LIKE '%1720688900%' AND titulo LIKE '%%' AND fecha LIKE '%%'
INFO:root:Realizando SELECT: SELECT * FROM encuesta WHERE cedula LIKE '%1720688900%' AND titulo LIKE '%%' AND fecha LIKE '%%'
INFO:root:Realizando SELECT: SELECT * FROM encuesta WHERE cedula LIKE '%1720688900%' AND titulo LIKE '%op%' AND fecha LIKE '%%'
INFO:root:Realizando SELECT: SELECT * FROM encuesta WHERE cedula LIKE '%1720688900%' AND titulo LIKE '%op%' AND fecha LIKE '%%'
INFO:root:Realizando SELECT: SELECT * FROM encuesta WHERE cedula LIKE '%1720688900%' AND titulo LIKE '%op%' AND fecha LIKE '%%'
INFO:root:Realizando SELECT: SELECT * FROM encuesta WHERE cedula LIKE '%1720688900%' AND titulo LIKE '%ag%' AND fecha LIKE '%%'
INFO:root:Realizando SELECT: SELECT * FROM encuesta WHERE cedula LIKE '%1720688900%' AND titulo LIKE '%%' AND fecha LIKE '%%'
INFO:root:Realizando SELECT: SELECT * FROM encuesta WHERE cedula LIKE '%%' AND titulo LIKE '%%' AND fecha LIKE '%%'
INFO:root:Realizando UPDATE: UPDATE usuario SET nombre='Alberto Soriano' WHERE cedula='1720688918' LIMIT 1
INFO:root:Realizando SELECT: SELECT cedula,nombre FROM usuario
INFO:root:Realizando SELECT: SELECT * FROM encuesta WHERE cedula LIKE '%%' AND titulo LIKE '%%' AND fecha LIKE '%%'
INFO:root:

----------------------------------------------
Log creado el: 2022-1-25_19-12-28

INFO:root:Realizando SELECT: SELECT * FROM usuario WHERE email='' AND contrasenia='da39a3ee5e6b4b0d3255bfef95601890afd80709'
INFO:root:Realizando SELECT: SELECT * FROM usuario WHERE email='alberto@u.com' AND contrasenia='c1a4158909d6c23f73df353c7cc0bbe963891a65'
INFO:root:Realizando SELECT: SELECT cedula,nombre FROM usuario
INFO:root:Realizando SELECT: SELECT * FROM encuesta WHERE cedula LIKE '%%' AND titulo LIKE '%%' AND fecha LIKE '%%'
INFO:root:Realizando SELECT: SELECT * FROM encuesta WHERE id_encuesta='1'
INFO:root:Realizando SELECT: SELECT * FROM abierta WHERE id_encuesta='1'
INFO:root:Realizando SELECT: SELECT * FROM cerrada WHERE id_encuesta='1'
INFO:root:Realizando SELECT: SELECT * FROM opcion WHERE pos_pregunta='2' AND id_encuesta='1'
INFO:root:Realizando SELECT: SELECT * FROM opcion WHERE pos_pregunta='3' AND id_encuesta='1'
INFO:root:Realizando INSERT: INSERT INTO responde_abierta(cedula,pos_pregunta,id_encuesta,respuesta) VALUES ('1720688918','1','1','Me gusto bastante')
INFO:root:Respuesta abierta Registrada.
INFO:root:Realizando INSERT: INSERT INTO escoge_opcion(cedula,pos_pregunta,id_encuesta,pos_opcion) VALUES ('1720688918','2','1','2')
INFO:root:La opcion escogida Registrada.
INFO:root:Realizando INSERT: INSERT INTO escoge_opcion(cedula,pos_pregunta,id_encuesta,pos_opcion) VALUES ('1720688918','3','1','1')
INFO:root:La opcion escogida Registrada.
INFO:root:Realizando SELECT: SELECT * FROM encuesta WHERE id_encuesta='2'
INFO:root:Realizando SELECT: SELECT * FROM abierta WHERE id_encuesta='2'
INFO:root:Realizando SELECT: SELECT * FROM cerrada WHERE id_encuesta='2'
INFO:root:Realizando SELECT: SELECT * FROM opcion WHERE pos_pregunta='2' AND id_encuesta='2'
INFO:root:Realizando SELECT: SELECT * FROM opcion WHERE pos_pregunta='3' AND id_encuesta='2'
INFO:root:Realizando SELECT: SELECT * FROM opcion WHERE pos_pregunta='4' AND id_encuesta='2'
INFO:root:Realizando INSERT: INSERT INTO responde_abierta(cedula,pos_pregunta,id_encuesta,respuesta) VALUES ('1720688918','1','2','Esta bien el servicio, pero creo que puede mejorar.')
INFO:root:Respuesta abierta Registrada.
INFO:root:Realizando INSERT: INSERT INTO escoge_opcion(cedula,pos_pregunta,id_encuesta,pos_opcion) VALUES ('1720688918','2','2','4')
INFO:root:La opcion escogida Registrada.
INFO:root:Realizando INSERT: INSERT INTO escoge_opcion(cedula,pos_pregunta,id_encuesta,pos_opcion) VALUES ('1720688918','3','2','1')
INFO:root:La opcion escogida Registrada.
INFO:root:Realizando INSERT: INSERT INTO escoge_opcion(cedula,pos_pregunta,id_encuesta,pos_opcion) VALUES ('1720688918','4','2','4')
INFO:root:La opcion escogida Registrada.
INFO:root:Realizando SELECT: SELECT * FROM encuesta WHERE id_encuesta='3'
INFO:root:Realizando SELECT: SELECT * FROM abierta WHERE id_encuesta='3'
INFO:root:Realizando SELECT: SELECT * FROM cerrada WHERE id_encuesta='3'
INFO:root:Realizando SELECT: SELECT * FROM opcion WHERE pos_pregunta='1' AND id_encuesta='3'
INFO:root:Realizando SELECT: SELECT * FROM opcion WHERE pos_pregunta='2' AND id_encuesta='3'
INFO:root:Realizando SELECT: SELECT * FROM opcion WHERE pos_pregunta='3' AND id_encuesta='3'
INFO:root:Realizando INSERT: INSERT INTO escoge_opcion(cedula,pos_pregunta,id_encuesta,pos_opcion) VALUES ('1720688918','1','3','1')
INFO:root:La opcion escogida Registrada.
INFO:root:Realizando INSERT: INSERT INTO escoge_opcion(cedula,pos_pregunta,id_encuesta,pos_opcion) VALUES ('1720688918','2','3','5')
INFO:root:La opcion escogida Registrada.
INFO:root:Realizando INSERT: INSERT INTO escoge_opcion(cedula,pos_pregunta,id_encuesta,pos_opcion) VALUES ('1720688918','3','3','1')
INFO:root:La opcion escogida Registrada.
INFO:root:Realizando INSERT: INSERT INTO escoge_opcion(cedula,pos_pregunta,id_encuesta,pos_opcion) VALUES ('1720688918','3','3','3')
INFO:root:La opcion escogida Registrada.
INFO:root:Realizando INSERT: INSERT INTO escoge_opcion(cedula,pos_pregunta,id_encuesta,pos_opcion) VALUES ('1720688918','3','3','4')
INFO:root:La opcion escogida Registrada.
INFO:root:Realizando SELECT: SELECT * FROM usuario WHERE email='maria@u.com' AND contrasenia='e21fc56c1a272b630e0d1439079d0598cf8b8329'
INFO:root:Realizando SELECT: SELECT * FROM encuesta WHERE cedula LIKE '%1720688900%' AND titulo LIKE '%%' AND fecha LIKE '%%'
INFO:root:Realizando SELECT: SELECT * FROM responde_abierta WHERE id_encuesta='1'
INFO:root:Realizando SELECT: SELECT nombre FROM usuario WHERE cedula='1720688918'
INFO:root:Realizando SELECT: SELECT enunciado FROM abierta WHERE pos_pregunta='1' AND id_encuesta='1'
INFO:root:Realizando SELECT: SELECT * FROM escoge_opcion WHERE id_encuesta='1'
INFO:root:Realizando SELECT: SELECT enunciado FROM opcion WHERE pos_opcion='1' AND pos_pregunta='3' AND id_encuesta='1'
INFO:root:Realizando SELECT: SELECT enunciado FROM cerrada WHERE pos_pregunta='3' AND id_encuesta='1'
INFO:root:Realizando SELECT: SELECT nombre FROM usuario WHERE cedula='1720688918'
INFO:root:Realizando SELECT: SELECT enunciado FROM opcion WHERE pos_opcion='2' AND pos_pregunta='2' AND id_encuesta='1'
INFO:root:Realizando SELECT: SELECT enunciado FROM cerrada WHERE pos_pregunta='2' AND id_encuesta='1'
INFO:root:Realizando SELECT: SELECT nombre FROM usuario WHERE cedula='1720688918'
INFO:root:Realizando SELECT: SELECT * FROM responde_abierta WHERE id_encuesta='2'
INFO:root:Realizando SELECT: SELECT nombre FROM usuario WHERE cedula='1720688900'
INFO:root:Realizando SELECT: SELECT enunciado FROM abierta WHERE pos_pregunta='1' AND id_encuesta='2'
INFO:root:Realizando SELECT: SELECT nombre FROM usuario WHERE cedula='1720688918'
INFO:root:Realizando SELECT: SELECT enunciado FROM abierta WHERE pos_pregunta='1' AND id_encuesta='2'
INFO:root:Realizando SELECT: SELECT * FROM escoge_opcion WHERE id_encuesta='2'
INFO:root:Realizando SELECT: SELECT enunciado FROM opcion WHERE pos_opcion='1' AND pos_pregunta='3' AND id_encuesta='2'
INFO:root:Realizando SELECT: SELECT enunciado FROM cerrada WHERE pos_pregunta='3' AND id_encuesta='2'
INFO:root:Realizando SELECT: SELECT nombre FROM usuario WHERE cedula='1720688900'
INFO:root:Realizando SELECT: SELECT enunciado FROM opcion WHERE pos_opcion='1' AND pos_pregunta='3' AND id_encuesta='2'
INFO:root:Realizando SELECT: SELECT enunciado FROM cerrada WHERE pos_pregunta='3' AND id_encuesta='2'
INFO:root:Realizando SELECT: SELECT nombre FROM usuario WHERE cedula='1720688918'
INFO:root:Realizando SELECT: SELECT enunciado FROM opcion WHERE pos_opcion='2' AND pos_pregunta='4' AND id_encuesta='2'
INFO:root:Realizando SELECT: SELECT enunciado FROM cerrada WHERE pos_pregunta='4' AND id_encuesta='2'
INFO:root:Realizando SELECT: SELECT nombre FROM usuario WHERE cedula='1720688900'
INFO:root:Realizando SELECT: SELECT enunciado FROM opcion WHERE pos_opcion='4' AND pos_pregunta='2' AND id_encuesta='2'
INFO:root:Realizando SELECT: SELECT enunciado FROM cerrada WHERE pos_pregunta='2' AND id_encuesta='2'
INFO:root:Realizando SELECT: SELECT nombre FROM usuario WHERE cedula='1720688900'
INFO:root:Realizando SELECT: SELECT enunciado FROM opcion WHERE pos_opcion='4' AND pos_pregunta='2' AND id_encuesta='2'
INFO:root:Realizando SELECT: SELECT enunciado FROM cerrada WHERE pos_pregunta='2' AND id_encuesta='2'
INFO:root:Realizando SELECT: SELECT nombre FROM usuario WHERE cedula='1720688918'
INFO:root:Realizando SELECT: SELECT enunciado FROM opcion WHERE pos_opcion='4' AND pos_pregunta='4' AND id_encuesta='2'
INFO:root:Realizando SELECT: SELECT enunciado FROM cerrada WHERE pos_pregunta='4' AND id_encuesta='2'
INFO:root:Realizando SELECT: SELECT nombre FROM usuario WHERE cedula='1720688918'
INFO:root:Realizando SELECT: SELECT * FROM responde_abierta WHERE id_encuesta='3'
INFO:root:Realizando SELECT: SELECT * FROM escoge_opcion WHERE id_encuesta='3'
INFO:root:Realizando SELECT: SELECT enunciado FROM opcion WHERE pos_opcion='1' AND pos_pregunta='1' AND id_encuesta='3'
INFO:root:Realizando SELECT: SELECT enunciado FROM cerrada WHERE pos_pregunta='1' AND id_encuesta='3'
INFO:root:Realizando SELECT: SELECT nombre FROM usuario WHERE cedula='1720688918'
INFO:root:Realizando SELECT: SELECT enunciado FROM opcion WHERE pos_opcion='1' AND pos_pregunta='3' AND id_encuesta='3'
INFO:root:Realizando SELECT: SELECT enunciado FROM cerrada WHERE pos_pregunta='3' AND id_encuesta='3'
INFO:root:Realizando SELECT: SELECT nombre FROM usuario WHERE cedula='1720688918'
INFO:root:Realizando SELECT: SELECT enunciado FROM opcion WHERE pos_opcion='3' AND pos_pregunta='3' AND id_encuesta='3'
INFO:root:Realizando SELECT: SELECT enunciado FROM cerrada WHERE pos_pregunta='3' AND id_encuesta='3'
INFO:root:Realizando SELECT: SELECT nombre FROM usuario WHERE cedula='1720688918'
INFO:root:Realizando SELECT: SELECT enunciado FROM opcion WHERE pos_opcion='4' AND pos_pregunta='3' AND id_encuesta='3'
INFO:root:Realizando SELECT: SELECT enunciado FROM cerrada WHERE pos_pregunta='3' AND id_encuesta='3'
INFO:root:Realizando SELECT: SELECT nombre FROM usuario WHERE cedula='1720688918'
INFO:root:Realizando SELECT: SELECT enunciado FROM opcion WHERE pos_opcion='5' AND pos_pregunta='2' AND id_encuesta='3'
INFO:root:Realizando SELECT: SELECT enunciado FROM cerrada WHERE pos_pregunta='2' AND id_encuesta='3'
INFO:root:Realizando SELECT: SELECT nombre FROM usuario WHERE cedula='1720688918'
INFO:root:Realizando SELECT: SELECT * FROM encuesta WHERE cedula LIKE '%1720688900%' AND titulo LIKE '%ce%' AND fecha LIKE '%%'
INFO:root:Realizando SELECT: SELECT * FROM encuesta WHERE cedula LIKE '%1720688900%' AND titulo LIKE '%%' AND fecha LIKE '%%'
INFO:root:Realizando SELECT: SELECT * FROM encuesta WHERE cedula LIKE '%1720688900%' AND titulo LIKE '%%' AND fecha LIKE '%2022-01-01%'
INFO:root:Realizando SELECT: SELECT * FROM encuesta WHERE cedula LIKE '%1720688900%' AND titulo LIKE '%%' AND fecha LIKE '%%'
INFO:root:Realizando SELECT: SELECT * FROM encuesta WHERE cedula LIKE '%1720688900%' AND titulo LIKE '%%' AND fecha LIKE '%2022-01-25%'
INFO:root:Realizando SELECT: SELECT * FROM encuesta WHERE cedula LIKE '%1720688900%' AND titulo LIKE '%%' AND fecha LIKE '%%'
INFO:root:Realizando SELECT: SELECT * FROM encuesta WHERE cedula LIKE '%1720688900%' AND titulo LIKE '%%' AND fecha LIKE '%2022-02-25%'
INFO:root:Realizando SELECT: SELECT * FROM encuesta WHERE cedula LIKE '%1720688900%' AND titulo LIKE '%%' AND fecha LIKE '%%'
INFO:root:Realizando SELECT: SELECT * FROM encuesta WHERE cedula LIKE '%1720688900%' AND titulo LIKE '%a%' AND fecha LIKE '%%'
INFO:root:Realizando SELECT: SELECT * FROM encuesta WHERE cedula LIKE '%1720688900%' AND titulo LIKE '%ag%' AND fecha LIKE '%%'
INFO:root:Realizando SELECT: SELECT * FROM encuesta WHERE cedula LIKE '%1720688900%' AND titulo LIKE '%%' AND fecha LIKE '%%'
INFO:root:Realizando SELECT: SELECT * FROM usuario WHERE email='alberto@u.com' AND contrasenia='c1a4158909d6c23f73df353c7cc0bbe963891a65'
INFO:root:Realizando INSERT: INSERT INTO encuesta(titulo,cedula) VALUES ('Inscripcion Marathon 10k','1720688918')
INFO:root:Encuesta Registrada.
INFO:root:Aviso: id_encuesta obtenido: 4
INFO:root:Realizando INSERT: INSERT INTO abierta(id_encuesta,pos_pregunta,enunciado) VALUES ('4','1','Ingrese su nombre.')
INFO:root:Pregunta abierta Registrada.
INFO:root:Realizando INSERT: INSERT INTO abierta(id_encuesta,pos_pregunta,enunciado) VALUES ('4','2','Ingrese su correo.')
INFO:root:Pregunta abierta Registrada.
INFO:root:Realizando INSERT: INSERT INTO cerrada(id_encuesta,pos_pregunta,enunciado,seleccionar_varias) VALUES ('4','3','Rango de Edad','0')
INFO:root:Pregunta cerrada Registrada.
INFO:root:Realizando INSERT: INSERT INTO opcion(pos_pregunta,pos_opcion,enunciado,id_encuesta) VALUES ('3','1','12-18','4')
INFO:root:Opcion Registrada.
INFO:root:Realizando INSERT: INSERT INTO opcion(pos_pregunta,pos_opcion,enunciado,id_encuesta) VALUES ('3','2','19-25','4')
INFO:root:Opcion Registrada.
INFO:root:Realizando INSERT: INSERT INTO opcion(pos_pregunta,pos_opcion,enunciado,id_encuesta) VALUES ('3','3','25-45','4')
INFO:root:Opcion Registrada.
INFO:root:Realizando INSERT: INSERT INTO opcion(pos_pregunta,pos_opcion,enunciado,id_encuesta) VALUES ('3','4','45-65','4')
INFO:root:Opcion Registrada.
INFO:root:Realizando INSERT: INSERT INTO opcion(pos_pregunta,pos_opcion,enunciado,id_encuesta) VALUES ('3','5','>65','4')
INFO:root:Opcion Registrada.
INFO:root:Realizando INSERT: INSERT INTO cerrada(id_encuesta,pos_pregunta,enunciado,seleccionar_varias) VALUES ('4','4','Acepta las condiciones?','0')
INFO:root:Pregunta cerrada Registrada.
INFO:root:Realizando INSERT: INSERT INTO opcion(pos_pregunta,pos_opcion,enunciado,id_encuesta) VALUES ('4','1','Si','4')
INFO:root:Opcion Registrada.
INFO:root:Realizando INSERT: INSERT INTO opcion(pos_pregunta,pos_opcion,enunciado,id_encuesta) VALUES ('4','2','No','4')
INFO:root:Opcion Registrada.
INFO:root:Realizando INSERT: INSERT INTO encuesta(titulo,cedula) VALUES ('Sus Favoritos','1720688918')
INFO:root:Encuesta Registrada.
INFO:root:Aviso: id_encuesta obtenido: 5
INFO:root:Realizando INSERT: INSERT INTO cerrada(id_encuesta,pos_pregunta,enunciado,seleccionar_varias) VALUES ('5','1','Ciudad Favorita','0')
INFO:root:Pregunta cerrada Registrada.
INFO:root:Realizando INSERT: INSERT INTO opcion(pos_pregunta,pos_opcion,enunciado,id_encuesta) VALUES ('1','1','Cuenca','5')
INFO:root:Opcion Registrada.
INFO:root:Realizando INSERT: INSERT INTO opcion(pos_pregunta,pos_opcion,enunciado,id_encuesta) VALUES ('1','2','Quito','5')
INFO:root:Opcion Registrada.
INFO:root:Realizando INSERT: INSERT INTO opcion(pos_pregunta,pos_opcion,enunciado,id_encuesta) VALUES ('1','3','Guayaquil','5')
INFO:root:Opcion Registrada.
INFO:root:Realizando INSERT: INSERT INTO opcion(pos_pregunta,pos_opcion,enunciado,id_encuesta) VALUES ('1','4','Loja','5')
INFO:root:Opcion Registrada.
INFO:root:Realizando INSERT: INSERT INTO opcion(pos_pregunta,pos_opcion,enunciado,id_encuesta) VALUES ('1','5','Ambato','5')
INFO:root:Opcion Registrada.
INFO:root:Realizando INSERT: INSERT INTO cerrada(id_encuesta,pos_pregunta,enunciado,seleccionar_varias) VALUES ('5','2','Colores Favoritos','1')
INFO:root:Pregunta cerrada Registrada.
INFO:root:Realizando INSERT: INSERT INTO opcion(pos_pregunta,pos_opcion,enunciado,id_encuesta) VALUES ('2','1','Azul','5')
INFO:root:Opcion Registrada.
INFO:root:Realizando INSERT: INSERT INTO opcion(pos_pregunta,pos_opcion,enunciado,id_encuesta) VALUES ('2','2','Rojo','5')
INFO:root:Opcion Registrada.
INFO:root:Realizando INSERT: INSERT INTO opcion(pos_pregunta,pos_opcion,enunciado,id_encuesta) VALUES ('2','3','Verde','5')
INFO:root:Opcion Registrada.
INFO:root:Realizando INSERT: INSERT INTO opcion(pos_pregunta,pos_opcion,enunciado,id_encuesta) VALUES ('2','4','Negro','5')
INFO:root:Opcion Registrada.
INFO:root:Realizando INSERT: INSERT INTO opcion(pos_pregunta,pos_opcion,enunciado,id_encuesta) VALUES ('2','5','Blanco','5')
INFO:root:Opcion Registrada.
INFO:root:Realizando INSERT: INSERT INTO opcion(pos_pregunta,pos_opcion,enunciado,id_encuesta) VALUES ('2','6','Amarillo','5')
INFO:root:Opcion Registrada.
INFO:root:Realizando SELECT: SELECT * FROM encuesta WHERE cedula LIKE '%1720688918%' AND titulo LIKE '%%' AND fecha LIKE '%%'
INFO:root:Realizando SELECT: SELECT * FROM responde_abierta WHERE id_encuesta='4'
INFO:root:Realizando SELECT: SELECT * FROM escoge_opcion WHERE id_encuesta='4'
INFO:root:Realizando SELECT: SELECT * FROM responde_abierta WHERE id_encuesta='5'
INFO:root:Realizando SELECT: SELECT * FROM escoge_opcion WHERE id_encuesta='5'
INFO:root:Realizando SELECT: SELECT cedula,nombre FROM usuario
INFO:root:Realizando SELECT: SELECT * FROM encuesta WHERE cedula LIKE '%%' AND titulo LIKE '%%' AND fecha LIKE '%%'
INFO:root:Realizando SELECT: SELECT * FROM encuesta WHERE cedula LIKE '%1720688918%' AND titulo LIKE '%%' AND fecha LIKE '%%'
INFO:root:Realizando SELECT: SELECT * FROM encuesta WHERE id_encuesta='5'
INFO:root:Realizando SELECT: SELECT * FROM abierta WHERE id_encuesta='5'
INFO:root:Realizando SELECT: SELECT * FROM cerrada WHERE id_encuesta='5'
INFO:root:Realizando SELECT: SELECT * FROM opcion WHERE pos_pregunta='1' AND id_encuesta='5'
INFO:root:Realizando SELECT: SELECT * FROM opcion WHERE pos_pregunta='2' AND id_encuesta='5'
INFO:root:Realizando INSERT: INSERT INTO escoge_opcion(cedula,pos_pregunta,id_encuesta,pos_opcion) VALUES ('1720688918','1','5','1')
INFO:root:La opcion escogida Registrada.
INFO:root:Realizando INSERT: INSERT INTO escoge_opcion(cedula,pos_pregunta,id_encuesta,pos_opcion) VALUES ('1720688918','2','5','1')
INFO:root:La opcion escogida Registrada.
INFO:root:Realizando INSERT: INSERT INTO escoge_opcion(cedula,pos_pregunta,id_encuesta,pos_opcion) VALUES ('1720688918','2','5','3')
INFO:root:La opcion escogida Registrada.
INFO:root:Realizando INSERT: INSERT INTO escoge_opcion(cedula,pos_pregunta,id_encuesta,pos_opcion) VALUES ('1720688918','2','5','4')
INFO:root:La opcion escogida Registrada.
INFO:root:Realizando SELECT: SELECT * FROM encuesta WHERE cedula LIKE '%1720688918%' AND titulo LIKE '%%' AND fecha LIKE '%%'
INFO:root:Realizando SELECT: SELECT * FROM responde_abierta WHERE id_encuesta='5'
INFO:root:Realizando SELECT: SELECT * FROM escoge_opcion WHERE id_encuesta='5'
INFO:root:Realizando SELECT: SELECT enunciado FROM opcion WHERE pos_opcion='1' AND pos_pregunta='1' AND id_encuesta='5'
INFO:root:Realizando SELECT: SELECT enunciado FROM cerrada WHERE pos_pregunta='1' AND id_encuesta='5'
INFO:root:Realizando SELECT: SELECT nombre FROM usuario WHERE cedula='1720688918'
INFO:root:Realizando SELECT: SELECT enunciado FROM opcion WHERE pos_opcion='1' AND pos_pregunta='2' AND id_encuesta='5'
INFO:root:Realizando SELECT: SELECT enunciado FROM cerrada WHERE pos_pregunta='2' AND id_encuesta='5'
INFO:root:Realizando SELECT: SELECT nombre FROM usuario WHERE cedula='1720688918'
INFO:root:Realizando SELECT: SELECT enunciado FROM opcion WHERE pos_opcion='3' AND pos_pregunta='2' AND id_encuesta='5'
INFO:root:Realizando SELECT: SELECT enunciado FROM cerrada WHERE pos_pregunta='2' AND id_encuesta='5'
INFO:root:Realizando SELECT: SELECT nombre FROM usuario WHERE cedula='1720688918'
INFO:root:Realizando SELECT: SELECT enunciado FROM opcion WHERE pos_opcion='4' AND pos_pregunta='2' AND id_encuesta='5'
INFO:root:Realizando SELECT: SELECT enunciado FROM cerrada WHERE pos_pregunta='2' AND id_encuesta='5'
INFO:root:Realizando SELECT: SELECT nombre FROM usuario WHERE cedula='1720688918'
INFO:root:Realizando INSERT: INSERT INTO usuario(cedula,nombre,email,contrasenia) VALUES ('1720688918','Joel Marin','joel@u.com','4816dabf8db1bc6cac35b3a24cab2ff844b5b0c7')
INFO:root:Error de Integridad: (1062, "Duplicate entry '1720688918' for key 'usuario.PRIMARY'")
INFO:root:El email ya se encuentra registrado.
INFO:root:Realizando INSERT: INSERT INTO usuario(cedula,nombre,email,contrasenia) VALUES ('1720688918','Joel Marin','joel@u.com','4816dabf8db1bc6cac35b3a24cab2ff844b5b0c7')
INFO:root:Error de Integridad: (1062, "Duplicate entry '1720688918' for key 'usuario.PRIMARY'")
INFO:root:El email ya se encuentra registrado.
INFO:root:

----------------------------------------------
Log creado el: 2022-1-25_19-23-41

INFO:root:Realizando INSERT: INSERT INTO usuario(cedula,nombre,email,contrasenia) VALUES ('1720688918','Joel Marin','joel@u.com','4816dabf8db1bc6cac35b3a24cab2ff844b5b0c7')
INFO:root:Error de Integridad: (1062, "Duplicate entry '1720688918' for key 'usuario.PRIMARY'")
INFO:root:El email ya se encuentra registrado.
INFO:root:Realizando INSERT: INSERT INTO usuario(cedula,nombre,email,contrasenia) VALUES ('0150440378','Joel Marin','joel@u.com','4816dabf8db1bc6cac35b3a24cab2ff844b5b0c7')
INFO:root:Usuario registrado.
INFO:root:Realizando SELECT: SELECT * FROM usuario WHERE email='joel@u.com' AND contrasenia='4816dabf8db1bc6cac35b3a24cab2ff844b5b0c7'
INFO:root:Realizando SELECT: SELECT cedula,nombre FROM usuario
INFO:root:Realizando SELECT: SELECT * FROM encuesta WHERE cedula LIKE '%%' AND titulo LIKE '%%' AND fecha LIKE '%%'
INFO:root:Realizando UPDATE: UPDATE usuario SET contrasenia='a82412bf1914f630855dfbc4853749a237ab2ed0' WHERE cedula='0150440378' LIMIT 1
INFO:root:Realizando SELECT: SELECT * FROM usuario WHERE email='joel@u.com' AND contrasenia='4816dabf8db1bc6cac35b3a24cab2ff844b5b0c7'
INFO:root:Realizando SELECT: SELECT * FROM usuario WHERE email='joel@u.com' AND contrasenia='bf8ffa74ecac30be5e0612056c141275146cc678'
INFO:root:Realizando SELECT: SELECT * FROM usuario WHERE email='joel@u.com' AND contrasenia='a82412bf1914f630855dfbc4853749a237ab2ed0'
INFO:root:Realizando UPDATE: UPDATE usuario SET contrasenia='4816dabf8db1bc6cac35b3a24cab2ff844b5b0c7' WHERE cedula='0150440378' LIMIT 1
INFO:root:Realizando UPDATE: UPDATE usuario SET email='juanogo@u.com' WHERE cedula='0150440378' LIMIT 1
INFO:root:Realizando SELECT: SELECT * FROM usuario WHERE email='juanogo@u.com' AND contrasenia='4816dabf8db1bc6cac35b3a24cab2ff844b5b0c7'
INFO:root:Realizando UPDATE: UPDATE usuario SET email='joel@u.com' WHERE cedula='0150440378' LIMIT 1
INFO:root:Realizando SELECT: SELECT cedula,nombre FROM usuario
INFO:root:Realizando SELECT: SELECT * FROM encuesta WHERE cedula LIKE '%%' AND titulo LIKE '%%' AND fecha LIKE '%%'
INFO:root:Realizando SELECT: SELECT * FROM encuesta WHERE cedula LIKE '%0150440378%' AND titulo LIKE '%%' AND fecha LIKE '%%'
INFO:root:Realizando SELECT: SELECT * FROM encuesta WHERE cedula LIKE '%1720688900%' AND titulo LIKE '%%' AND fecha LIKE '%%'
INFO:root:Realizando SELECT: SELECT * FROM encuesta WHERE id_encuesta='3'
INFO:root:Realizando SELECT: SELECT * FROM abierta WHERE id_encuesta='3'
INFO:root:Realizando SELECT: SELECT * FROM cerrada WHERE id_encuesta='3'
INFO:root:Realizando SELECT: SELECT * FROM opcion WHERE pos_pregunta='1' AND id_encuesta='3'
INFO:root:Realizando SELECT: SELECT * FROM opcion WHERE pos_pregunta='2' AND id_encuesta='3'
INFO:root:Realizando SELECT: SELECT * FROM opcion WHERE pos_pregunta='3' AND id_encuesta='3'
INFO:root:Realizando INSERT: INSERT INTO escoge_opcion(cedula,pos_pregunta,id_encuesta,pos_opcion) VALUES ('0150440378','1','3','1')
INFO:root:La opcion escogida Registrada.
INFO:root:Realizando INSERT: INSERT INTO escoge_opcion(cedula,pos_pregunta,id_encuesta,pos_opcion) VALUES ('0150440378','2','3','5')
INFO:root:La opcion escogida Registrada.
INFO:root:Realizando INSERT: INSERT INTO escoge_opcion(cedula,pos_pregunta,id_encuesta,pos_opcion) VALUES ('0150440378','3','3','1')
INFO:root:La opcion escogida Registrada.
INFO:root:Realizando INSERT: INSERT INTO escoge_opcion(cedula,pos_pregunta,id_encuesta,pos_opcion) VALUES ('0150440378','3','3','3')
INFO:root:La opcion escogida Registrada.
INFO:root:Realizando SELECT: SELECT * FROM encuesta WHERE id_encuesta='2'
INFO:root:Realizando SELECT: SELECT * FROM abierta WHERE id_encuesta='2'
INFO:root:Realizando SELECT: SELECT * FROM cerrada WHERE id_encuesta='2'
INFO:root:Realizando SELECT: SELECT * FROM opcion WHERE pos_pregunta='2' AND id_encuesta='2'
INFO:root:Realizando SELECT: SELECT * FROM opcion WHERE pos_pregunta='3' AND id_encuesta='2'
INFO:root:Realizando SELECT: SELECT * FROM opcion WHERE pos_pregunta='4' AND id_encuesta='2'
INFO:root:Realizando INSERT: INSERT INTO responde_abierta(cedula,pos_pregunta,id_encuesta,respuesta) VALUES ('0150440378','1','2','No me gusto el servicio.')
INFO:root:Respuesta abierta Registrada.
INFO:root:Realizando INSERT: INSERT INTO escoge_opcion(cedula,pos_pregunta,id_encuesta,pos_opcion) VALUES ('0150440378','2','2','3')
INFO:root:La opcion escogida Registrada.
INFO:root:Realizando INSERT: INSERT INTO escoge_opcion(cedula,pos_pregunta,id_encuesta,pos_opcion) VALUES ('0150440378','3','2','2')
INFO:root:La opcion escogida Registrada.
INFO:root:Realizando INSERT: INSERT INTO escoge_opcion(cedula,pos_pregunta,id_encuesta,pos_opcion) VALUES ('0150440378','4','2','1')
INFO:root:La opcion escogida Registrada.
INFO:root:Realizando SELECT: SELECT cedula,nombre FROM usuario
INFO:root:Realizando SELECT: SELECT * FROM encuesta WHERE cedula LIKE '%%' AND titulo LIKE '%%' AND fecha LIKE '%%'
INFO:root:Realizando SELECT: SELECT * FROM encuesta WHERE cedula LIKE '%1720688918%' AND titulo LIKE '%%' AND fecha LIKE '%%'
INFO:root:Realizando SELECT: SELECT * FROM encuesta WHERE id_encuesta='5'
INFO:root:Realizando SELECT: SELECT * FROM abierta WHERE id_encuesta='5'
INFO:root:Realizando SELECT: SELECT * FROM cerrada WHERE id_encuesta='5'
INFO:root:Realizando SELECT: SELECT * FROM opcion WHERE pos_pregunta='1' AND id_encuesta='5'
INFO:root:Realizando SELECT: SELECT * FROM opcion WHERE pos_pregunta='2' AND id_encuesta='5'
INFO:root:Realizando INSERT: INSERT INTO escoge_opcion(cedula,pos_pregunta,id_encuesta,pos_opcion) VALUES ('0150440378','1','5','5')
INFO:root:La opcion escogida Registrada.
INFO:root:Realizando INSERT: INSERT INTO escoge_opcion(cedula,pos_pregunta,id_encuesta,pos_opcion) VALUES ('0150440378','2','5','1')
INFO:root:La opcion escogida Registrada.
INFO:root:Realizando INSERT: INSERT INTO escoge_opcion(cedula,pos_pregunta,id_encuesta,pos_opcion) VALUES ('0150440378','2','5','2')
INFO:root:La opcion escogida Registrada.
INFO:root:Realizando INSERT: INSERT INTO escoge_opcion(cedula,pos_pregunta,id_encuesta,pos_opcion) VALUES ('0150440378','2','5','3')
INFO:root:La opcion escogida Registrada.
INFO:root:Realizando INSERT: INSERT INTO escoge_opcion(cedula,pos_pregunta,id_encuesta,pos_opcion) VALUES ('0150440378','2','5','4')
INFO:root:La opcion escogida Registrada.
INFO:root:Realizando INSERT: INSERT INTO escoge_opcion(cedula,pos_pregunta,id_encuesta,pos_opcion) VALUES ('0150440378','2','5','5')
INFO:root:La opcion escogida Registrada.
INFO:root:Realizando INSERT: INSERT INTO escoge_opcion(cedula,pos_pregunta,id_encuesta,pos_opcion) VALUES ('0150440378','2','5','6')
INFO:root:La opcion escogida Registrada.
INFO:root:Realizando SELECT: SELECT * FROM encuesta WHERE id_encuesta='4'
INFO:root:Realizando SELECT: SELECT * FROM abierta WHERE id_encuesta='4'
INFO:root:Realizando SELECT: SELECT * FROM cerrada WHERE id_encuesta='4'
INFO:root:Realizando SELECT: SELECT * FROM opcion WHERE pos_pregunta='3' AND id_encuesta='4'
INFO:root:Realizando SELECT: SELECT * FROM opcion WHERE pos_pregunta='4' AND id_encuesta='4'
INFO:root:Realizando INSERT: INSERT INTO responde_abierta(cedula,pos_pregunta,id_encuesta,respuesta) VALUES ('0150440378','1','4','Joel Marin')
INFO:root:Respuesta abierta Registrada.
INFO:root:Realizando INSERT: INSERT INTO responde_abierta(cedula,pos_pregunta,id_encuesta,respuesta) VALUES ('0150440378','2','4','joel@u.com')
INFO:root:Respuesta abierta Registrada.
INFO:root:Realizando INSERT: INSERT INTO escoge_opcion(cedula,pos_pregunta,id_encuesta,pos_opcion) VALUES ('0150440378','3','4','3')
INFO:root:La opcion escogida Registrada.
INFO:root:Realizando INSERT: INSERT INTO escoge_opcion(cedula,pos_pregunta,id_encuesta,pos_opcion) VALUES ('0150440378','4','4','1')
INFO:root:La opcion escogida Registrada.
INFO:root:Realizando SELECT: SELECT * FROM usuario WHERE email='maria@u.com' AND contrasenia='e21fc56c1a272b630e0d1439079d0598cf8b8329'
INFO:root:Realizando SELECT: SELECT * FROM encuesta WHERE cedula LIKE '%1720688900%' AND titulo LIKE '%%' AND fecha LIKE '%%'
INFO:root:Realizando SELECT: SELECT * FROM responde_abierta WHERE id_encuesta='1'
INFO:root:Realizando SELECT: SELECT nombre FROM usuario WHERE cedula='1720688918'
INFO:root:Realizando SELECT: SELECT enunciado FROM abierta WHERE pos_pregunta='1' AND id_encuesta='1'
INFO:root:Realizando SELECT: SELECT * FROM escoge_opcion WHERE id_encuesta='1'
INFO:root:Realizando SELECT: SELECT enunciado FROM opcion WHERE pos_opcion='1' AND pos_pregunta='3' AND id_encuesta='1'
INFO:root:Realizando SELECT: SELECT enunciado FROM cerrada WHERE pos_pregunta='3' AND id_encuesta='1'
INFO:root:Realizando SELECT: SELECT nombre FROM usuario WHERE cedula='1720688918'
INFO:root:Realizando SELECT: SELECT enunciado FROM opcion WHERE pos_opcion='2' AND pos_pregunta='2' AND id_encuesta='1'
INFO:root:Realizando SELECT: SELECT enunciado FROM cerrada WHERE pos_pregunta='2' AND id_encuesta='1'
INFO:root:Realizando SELECT: SELECT nombre FROM usuario WHERE cedula='1720688918'
INFO:root:Realizando SELECT: SELECT * FROM responde_abierta WHERE id_encuesta='2'
INFO:root:Realizando SELECT: SELECT nombre FROM usuario WHERE cedula='0150440378'
INFO:root:Realizando SELECT: SELECT enunciado FROM abierta WHERE pos_pregunta='1' AND id_encuesta='2'
INFO:root:Realizando SELECT: SELECT nombre FROM usuario WHERE cedula='1720688900'
INFO:root:Realizando SELECT: SELECT enunciado FROM abierta WHERE pos_pregunta='1' AND id_encuesta='2'
INFO:root:Realizando SELECT: SELECT nombre FROM usuario WHERE cedula='1720688918'
INFO:root:Realizando SELECT: SELECT enunciado FROM abierta WHERE pos_pregunta='1' AND id_encuesta='2'
INFO:root:Realizando SELECT: SELECT * FROM escoge_opcion WHERE id_encuesta='2'
INFO:root:Realizando SELECT: SELECT enunciado FROM opcion WHERE pos_opcion='1' AND pos_pregunta='3' AND id_encuesta='2'
INFO:root:Realizando SELECT: SELECT enunciado FROM cerrada WHERE pos_pregunta='3' AND id_encuesta='2'
INFO:root:Realizando SELECT: SELECT nombre FROM usuario WHERE cedula='1720688900'
INFO:root:Realizando SELECT: SELECT enunciado FROM opcion WHERE pos_opcion='1' AND pos_pregunta='3' AND id_encuesta='2'
INFO:root:Realizando SELECT: SELECT enunciado FROM cerrada WHERE pos_pregunta='3' AND id_encuesta='2'
INFO:root:Realizando SELECT: SELECT nombre FROM usuario WHERE cedula='1720688918'
INFO:root:Realizando SELECT: SELECT enunciado FROM opcion WHERE pos_opcion='1' AND pos_pregunta='4' AND id_encuesta='2'
INFO:root:Realizando SELECT: SELECT enunciado FROM cerrada WHERE pos_pregunta='4' AND id_encuesta='2'
INFO:root:Realizando SELECT: SELECT nombre FROM usuario WHERE cedula='0150440378'
INFO:root:Realizando SELECT: SELECT enunciado FROM opcion WHERE pos_opcion='2' AND pos_pregunta='3' AND id_encuesta='2'
INFO:root:Realizando SELECT: SELECT enunciado FROM cerrada WHERE pos_pregunta='3' AND id_encuesta='2'
INFO:root:Realizando SELECT: SELECT nombre FROM usuario WHERE cedula='0150440378'
INFO:root:Realizando SELECT: SELECT enunciado FROM opcion WHERE pos_opcion='2' AND pos_pregunta='4' AND id_encuesta='2'
INFO:root:Realizando SELECT: SELECT enunciado FROM cerrada WHERE pos_pregunta='4' AND id_encuesta='2'
INFO:root:Realizando SELECT: SELECT nombre FROM usuario WHERE cedula='1720688900'
INFO:root:Realizando SELECT: SELECT enunciado FROM opcion WHERE pos_opcion='3' AND pos_pregunta='2' AND id_encuesta='2'
INFO:root:Realizando SELECT: SELECT enunciado FROM cerrada WHERE pos_pregunta='2' AND id_encuesta='2'
INFO:root:Realizando SELECT: SELECT nombre FROM usuario WHERE cedula='0150440378'
INFO:root:Realizando SELECT: SELECT enunciado FROM opcion WHERE pos_opcion='4' AND pos_pregunta='2' AND id_encuesta='2'
INFO:root:Realizando SELECT: SELECT enunciado FROM cerrada WHERE pos_pregunta='2' AND id_encuesta='2'
INFO:root:Realizando SELECT: SELECT nombre FROM usuario WHERE cedula='1720688900'
INFO:root:Realizando SELECT: SELECT enunciado FROM opcion WHERE pos_opcion='4' AND pos_pregunta='2' AND id_encuesta='2'
INFO:root:Realizando SELECT: SELECT enunciado FROM cerrada WHERE pos_pregunta='2' AND id_encuesta='2'
INFO:root:Realizando SELECT: SELECT nombre FROM usuario WHERE cedula='1720688918'
INFO:root:Realizando SELECT: SELECT enunciado FROM opcion WHERE pos_opcion='4' AND pos_pregunta='4' AND id_encuesta='2'
INFO:root:Realizando SELECT: SELECT enunciado FROM cerrada WHERE pos_pregunta='4' AND id_encuesta='2'
INFO:root:Realizando SELECT: SELECT nombre FROM usuario WHERE cedula='1720688918'
INFO:root:Realizando SELECT: SELECT * FROM responde_abierta WHERE id_encuesta='3'
INFO:root:Realizando SELECT: SELECT * FROM escoge_opcion WHERE id_encuesta='3'
INFO:root:Realizando SELECT: SELECT enunciado FROM opcion WHERE pos_opcion='1' AND pos_pregunta='1' AND id_encuesta='3'
INFO:root:Realizando SELECT: SELECT enunciado FROM cerrada WHERE pos_pregunta='1' AND id_encuesta='3'
INFO:root:Realizando SELECT: SELECT nombre FROM usuario WHERE cedula='0150440378'
INFO:root:Realizando SELECT: SELECT enunciado FROM opcion WHERE pos_opcion='1' AND pos_pregunta='1' AND id_encuesta='3'
INFO:root:Realizando SELECT: SELECT enunciado FROM cerrada WHERE pos_pregunta='1' AND id_encuesta='3'
INFO:root:Realizando SELECT: SELECT nombre FROM usuario WHERE cedula='1720688918'
INFO:root:Realizando SELECT: SELECT enunciado FROM opcion WHERE pos_opcion='1' AND pos_pregunta='3' AND id_encuesta='3'
INFO:root:Realizando SELECT: SELECT enunciado FROM cerrada WHERE pos_pregunta='3' AND id_encuesta='3'
INFO:root:Realizando SELECT: SELECT nombre FROM usuario WHERE cedula='0150440378'
INFO:root:Realizando SELECT: SELECT enunciado FROM opcion WHERE pos_opcion='1' AND pos_pregunta='3' AND id_encuesta='3'
INFO:root:Realizando SELECT: SELECT enunciado FROM cerrada WHERE pos_pregunta='3' AND id_encuesta='3'
INFO:root:Realizando SELECT: SELECT nombre FROM usuario WHERE cedula='1720688918'
INFO:root:Realizando SELECT: SELECT enunciado FROM opcion WHERE pos_opcion='3' AND pos_pregunta='3' AND id_encuesta='3'
INFO:root:Realizando SELECT: SELECT enunciado FROM cerrada WHERE pos_pregunta='3' AND id_encuesta='3'
INFO:root:Realizando SELECT: SELECT nombre FROM usuario WHERE cedula='0150440378'
INFO:root:Realizando SELECT: SELECT enunciado FROM opcion WHERE pos_opcion='3' AND pos_pregunta='3' AND id_encuesta='3'
INFO:root:Realizando SELECT: SELECT enunciado FROM cerrada WHERE pos_pregunta='3' AND id_encuesta='3'
INFO:root:Realizando SELECT: SELECT nombre FROM usuario WHERE cedula='1720688918'
INFO:root:Realizando SELECT: SELECT enunciado FROM opcion WHERE pos_opcion='4' AND pos_pregunta='3' AND id_encuesta='3'
INFO:root:Realizando SELECT: SELECT enunciado FROM cerrada WHERE pos_pregunta='3' AND id_encuesta='3'
INFO:root:Realizando SELECT: SELECT nombre FROM usuario WHERE cedula='1720688918'
INFO:root:Realizando SELECT: SELECT enunciado FROM opcion WHERE pos_opcion='5' AND pos_pregunta='2' AND id_encuesta='3'
INFO:root:Realizando SELECT: SELECT enunciado FROM cerrada WHERE pos_pregunta='2' AND id_encuesta='3'
INFO:root:Realizando SELECT: SELECT nombre FROM usuario WHERE cedula='0150440378'
INFO:root:Realizando SELECT: SELECT enunciado FROM opcion WHERE pos_opcion='5' AND pos_pregunta='2' AND id_encuesta='3'
INFO:root:Realizando SELECT: SELECT enunciado FROM cerrada WHERE pos_pregunta='2' AND id_encuesta='3'
INFO:root:Realizando SELECT: SELECT nombre FROM usuario WHERE cedula='1720688918'
INFO:root:Realizando SELECT: SELECT * FROM usuario WHERE email='alberto@u.com' AND contrasenia='c1a4158909d6c23f73df353c7cc0bbe963891a65'
INFO:root:Realizando SELECT: SELECT * FROM encuesta WHERE cedula LIKE '%1720688918%' AND titulo LIKE '%%' AND fecha LIKE '%%'
INFO:root:Realizando SELECT: SELECT * FROM responde_abierta WHERE id_encuesta='4'
INFO:root:Realizando SELECT: SELECT nombre FROM usuario WHERE cedula='0150440378'
INFO:root:Realizando SELECT: SELECT enunciado FROM abierta WHERE pos_pregunta='1' AND id_encuesta='4'
INFO:root:Realizando SELECT: SELECT nombre FROM usuario WHERE cedula='0150440378'
INFO:root:Realizando SELECT: SELECT enunciado FROM abierta WHERE pos_pregunta='2' AND id_encuesta='4'
INFO:root:Realizando SELECT: SELECT * FROM escoge_opcion WHERE id_encuesta='4'
INFO:root:Realizando SELECT: SELECT enunciado FROM opcion WHERE pos_opcion='1' AND pos_pregunta='4' AND id_encuesta='4'
INFO:root:Realizando SELECT: SELECT enunciado FROM cerrada WHERE pos_pregunta='4' AND id_encuesta='4'
INFO:root:Realizando SELECT: SELECT nombre FROM usuario WHERE cedula='0150440378'
INFO:root:Realizando SELECT: SELECT enunciado FROM opcion WHERE pos_opcion='3' AND pos_pregunta='3' AND id_encuesta='4'
INFO:root:Realizando SELECT: SELECT enunciado FROM cerrada WHERE pos_pregunta='3' AND id_encuesta='4'
INFO:root:Realizando SELECT: SELECT nombre FROM usuario WHERE cedula='0150440378'
INFO:root:Realizando SELECT: SELECT * FROM responde_abierta WHERE id_encuesta='5'
INFO:root:Realizando SELECT: SELECT * FROM escoge_opcion WHERE id_encuesta='5'
INFO:root:Realizando SELECT: SELECT enunciado FROM opcion WHERE pos_opcion='1' AND pos_pregunta='1' AND id_encuesta='5'
INFO:root:Realizando SELECT: SELECT enunciado FROM cerrada WHERE pos_pregunta='1' AND id_encuesta='5'
INFO:root:Realizando SELECT: SELECT nombre FROM usuario WHERE cedula='1720688918'
INFO:root:Realizando SELECT: SELECT enunciado FROM opcion WHERE pos_opcion='1' AND pos_pregunta='2' AND id_encuesta='5'
INFO:root:Realizando SELECT: SELECT enunciado FROM cerrada WHERE pos_pregunta='2' AND id_encuesta='5'
INFO:root:Realizando SELECT: SELECT nombre FROM usuario WHERE cedula='0150440378'
INFO:root:Realizando SELECT: SELECT enunciado FROM opcion WHERE pos_opcion='1' AND pos_pregunta='2' AND id_encuesta='5'
INFO:root:Realizando SELECT: SELECT enunciado FROM cerrada WHERE pos_pregunta='2' AND id_encuesta='5'
INFO:root:Realizando SELECT: SELECT nombre FROM usuario WHERE cedula='1720688918'
INFO:root:Realizando SELECT: SELECT enunciado FROM opcion WHERE pos_opcion='2' AND pos_pregunta='2' AND id_encuesta='5'
INFO:root:Realizando SELECT: SELECT enunciado FROM cerrada WHERE pos_pregunta='2' AND id_encuesta='5'
INFO:root:Realizando SELECT: SELECT nombre FROM usuario WHERE cedula='0150440378'
INFO:root:Realizando SELECT: SELECT enunciado FROM opcion WHERE pos_opcion='3' AND pos_pregunta='2' AND id_encuesta='5'
INFO:root:Realizando SELECT: SELECT enunciado FROM cerrada WHERE pos_pregunta='2' AND id_encuesta='5'
INFO:root:Realizando SELECT: SELECT nombre FROM usuario WHERE cedula='0150440378'
INFO:root:Realizando SELECT: SELECT enunciado FROM opcion WHERE pos_opcion='3' AND pos_pregunta='2' AND id_encuesta='5'
INFO:root:Realizando SELECT: SELECT enunciado FROM cerrada WHERE pos_pregunta='2' AND id_encuesta='5'
INFO:root:Realizando SELECT: SELECT nombre FROM usuario WHERE cedula='1720688918'
INFO:root:Realizando SELECT: SELECT enunciado FROM opcion WHERE pos_opcion='4' AND pos_pregunta='2' AND id_encuesta='5'
INFO:root:Realizando SELECT: SELECT enunciado FROM cerrada WHERE pos_pregunta='2' AND id_encuesta='5'
INFO:root:Realizando SELECT: SELECT nombre FROM usuario WHERE cedula='0150440378'
INFO:root:Realizando SELECT: SELECT enunciado FROM opcion WHERE pos_opcion='4' AND pos_pregunta='2' AND id_encuesta='5'
INFO:root:Realizando SELECT: SELECT enunciado FROM cerrada WHERE pos_pregunta='2' AND id_encuesta='5'
INFO:root:Realizando SELECT: SELECT nombre FROM usuario WHERE cedula='1720688918'
INFO:root:Realizando SELECT: SELECT enunciado FROM opcion WHERE pos_opcion='5' AND pos_pregunta='1' AND id_encuesta='5'
INFO:root:Realizando SELECT: SELECT enunciado FROM cerrada WHERE pos_pregunta='1' AND id_encuesta='5'
INFO:root:Realizando SELECT: SELECT nombre FROM usuario WHERE cedula='0150440378'
INFO:root:Realizando SELECT: SELECT enunciado FROM opcion WHERE pos_opcion='5' AND pos_pregunta='2' AND id_encuesta='5'
INFO:root:Realizando SELECT: SELECT enunciado FROM cerrada WHERE pos_pregunta='2' AND id_encuesta='5'
INFO:root:Realizando SELECT: SELECT nombre FROM usuario WHERE cedula='0150440378'
INFO:root:Realizando SELECT: SELECT enunciado FROM opcion WHERE pos_opcion='6' AND pos_pregunta='2' AND id_encuesta='5'
INFO:root:Realizando SELECT: SELECT enunciado FROM cerrada WHERE pos_pregunta='2' AND id_encuesta='5'
INFO:root:Realizando SELECT: SELECT nombre FROM usuario WHERE cedula='0150440378'
